{"/home/runner/Ts256k1/ts256k1.config.cjs": {"path":"/home/runner/Ts256k1/ts256k1.config.cjs","all":false,"statementMap":{"0":{"start":{"line":1,"column":0},"end":{"line":1,"column":18}},"1":{"start":{"line":2,"column":0},"end":{"line":2,"column":27}},"2":{"start":{"line":3,"column":0},"end":{"line":3,"column":32}},"3":{"start":{"line":4,"column":0},"end":{"line":4,"column":14}},"4":{"start":{"line":5,"column":0},"end":{"line":5,"column":18}},"5":{"start":{"line":6,"column":0},"end":{"line":6,"column":25}},"6":{"start":{"line":7,"column":0},"end":{"line":7,"column":38}},"7":{"start":{"line":8,"column":0},"end":{"line":8,"column":17}},"8":{"start":{"line":9,"column":0},"end":{"line":9,"column":3}},"9":{"start":{"line":10,"column":0},"end":{"line":10,"column":1}}},"s":{"0":4,"1":4,"2":4,"3":4,"4":4,"5":4,"6":4,"7":4,"8":4,"9":4},"branchMap":{"0":{"type":"branch","line":1,"loc":{"start":{"line":1,"column":0},"end":{"line":10,"column":1}},"locations":[{"start":{"line":1,"column":0},"end":{"line":10,"column":1}}]},"1":{"type":"branch","line":1,"loc":{"start":{"line":1,"column":0},"end":{"line":10,"column":1}},"locations":[{"start":{"line":1,"column":0},"end":{"line":10,"column":1}}]}},"b":{"0":[4],"1":[4]},"fnMap":{"0":{"name":"Object.<anonymous>","decl":{"start":{"line":1,"column":0},"end":{"line":10,"column":1}},"loc":{"start":{"line":1,"column":0},"end":{"line":10,"column":1}},"line":1}},"f":{"0":4}}
,"/home/runner/Ts256k1/src/main.ts": {"path":"/home/runner/Ts256k1/src/main.ts","all":false,"statementMap":{"0":{"start":{"line":1,"column":0},"end":{"line":1,"column":45}},"1":{"start":{"line":2,"column":0},"end":{"line":2,"column":43}},"2":{"start":{"line":3,"column":0},"end":{"line":3,"column":39}},"3":{"start":{"line":4,"column":0},"end":{"line":4,"column":0}},"4":{"start":{"line":5,"column":0},"end":{"line":5,"column":3}},"5":{"start":{"line":6,"column":0},"end":{"line":6,"column":120}},"6":{"start":{"line":7,"column":0},"end":{"line":7,"column":11}},"7":{"start":{"line":8,"column":0},"end":{"line":8,"column":49}},"8":{"start":{"line":9,"column":0},"end":{"line":9,"column":36}},"9":{"start":{"line":10,"column":0},"end":{"line":10,"column":42}},"10":{"start":{"line":11,"column":0},"end":{"line":11,"column":44}},"11":{"start":{"line":12,"column":0},"end":{"line":12,"column":3}},"12":{"start":{"line":13,"column":0},"end":{"line":13,"column":37}},"13":{"start":{"line":14,"column":0},"end":{"line":14,"column":5}},"14":{"start":{"line":15,"column":0},"end":{"line":15,"column":51}},"15":{"start":{"line":16,"column":0},"end":{"line":16,"column":4}},"16":{"start":{"line":17,"column":0},"end":{"line":17,"column":12}},"17":{"start":{"line":18,"column":0},"end":{"line":18,"column":24}},"18":{"start":{"line":19,"column":0},"end":{"line":19,"column":80}},"19":{"start":{"line":20,"column":0},"end":{"line":20,"column":58}},"20":{"start":{"line":21,"column":0},"end":{"line":21,"column":13}},"21":{"start":{"line":22,"column":0},"end":{"line":22,"column":38}},"22":{"start":{"line":23,"column":0},"end":{"line":23,"column":41}},"23":{"start":{"line":24,"column":0},"end":{"line":24,"column":44}},"24":{"start":{"line":25,"column":0},"end":{"line":25,"column":40}},"25":{"start":{"line":26,"column":0},"end":{"line":26,"column":5}},"26":{"start":{"line":27,"column":0},"end":{"line":27,"column":62}},"27":{"start":{"line":28,"column":0},"end":{"line":28,"column":33}},"28":{"start":{"line":29,"column":0},"end":{"line":29,"column":3}},"29":{"start":{"line":30,"column":0},"end":{"line":30,"column":5}},"30":{"start":{"line":31,"column":0},"end":{"line":31,"column":39}},"31":{"start":{"line":32,"column":0},"end":{"line":32,"column":4}},"32":{"start":{"line":33,"column":0},"end":{"line":33,"column":108}},"33":{"start":{"line":34,"column":0},"end":{"line":34,"column":111}},"34":{"start":{"line":35,"column":0},"end":{"line":35,"column":5}},"35":{"start":{"line":36,"column":0},"end":{"line":36,"column":14}},"36":{"start":{"line":37,"column":0},"end":{"line":37,"column":32}},"37":{"start":{"line":38,"column":0},"end":{"line":38,"column":34}},"38":{"start":{"line":39,"column":0},"end":{"line":39,"column":5}},"39":{"start":{"line":40,"column":0},"end":{"line":40,"column":28}},"40":{"start":{"line":41,"column":0},"end":{"line":41,"column":61}},"41":{"start":{"line":42,"column":0},"end":{"line":42,"column":3}},"42":{"start":{"line":43,"column":0},"end":{"line":43,"column":0}},"43":{"start":{"line":44,"column":0},"end":{"line":44,"column":1}},"44":{"start":{"line":45,"column":0},"end":{"line":45,"column":0}},"45":{"start":{"line":46,"column":0},"end":{"line":46,"column":32}}},"s":{"0":1,"1":1,"2":1,"3":1,"4":1,"5":1,"6":1,"7":1,"8":1,"9":1,"10":1,"11":1,"12":1,"13":1,"14":1,"15":1,"16":1,"17":1,"18":1,"19":1,"20":1,"21":1,"22":1,"23":1,"24":1,"25":1,"26":1,"27":3,"28":3,"29":1,"30":1,"31":1,"32":1,"33":1,"34":1,"35":1,"36":3,"37":3,"38":3,"39":3,"40":3,"41":3,"42":1,"43":1,"44":1,"45":1},"branchMap":{"0":{"type":"branch","line":46,"loc":{"start":{"line":46,"column":9},"end":{"line":46,"column":19}},"locations":[{"start":{"line":46,"column":9},"end":{"line":46,"column":19}}]},"1":{"type":"branch","line":46,"loc":{"start":{"line":46,"column":21},"end":{"line":46,"column":30}},"locations":[{"start":{"line":46,"column":21},"end":{"line":46,"column":30}}]},"2":{"type":"branch","line":27,"loc":{"start":{"line":27,"column":16},"end":{"line":29,"column":3}},"locations":[{"start":{"line":27,"column":16},"end":{"line":29,"column":3}}]},"3":{"type":"branch","line":36,"loc":{"start":{"line":36,"column":2},"end":{"line":42,"column":3}},"locations":[{"start":{"line":36,"column":2},"end":{"line":42,"column":3}}]}},"b":{"0":[12],"1":[1],"2":[3],"3":[3]},"fnMap":{"0":{"name":"get","decl":{"start":{"line":46,"column":9},"end":{"line":46,"column":19}},"loc":{"start":{"line":46,"column":9},"end":{"line":46,"column":19}},"line":46},"1":{"name":"get","decl":{"start":{"line":46,"column":21},"end":{"line":46,"column":30}},"loc":{"start":{"line":46,"column":21},"end":{"line":46,"column":30}},"line":46},"2":{"name":"getKeyPairs","decl":{"start":{"line":27,"column":16},"end":{"line":29,"column":3}},"loc":{"start":{"line":27,"column":16},"end":{"line":29,"column":3}},"line":27},"3":{"name":"Ts256k1","decl":{"start":{"line":36,"column":2},"end":{"line":42,"column":3}},"loc":{"start":{"line":36,"column":2},"end":{"line":42,"column":3}},"line":36}},"f":{"0":12,"1":1,"2":3,"3":3}}
,"/home/runner/Ts256k1/src/config/config.ts": {"path":"/home/runner/Ts256k1/src/config/config.ts","all":false,"statementMap":{"0":{"start":{"line":1,"column":0},"end":{"line":1,"column":41}},"1":{"start":{"line":2,"column":0},"end":{"line":2,"column":0}},"2":{"start":{"line":3,"column":0},"end":{"line":3,"column":3}},"3":{"start":{"line":4,"column":0},"end":{"line":4,"column":16}},"4":{"start":{"line":5,"column":0},"end":{"line":5,"column":57}},"5":{"start":{"line":6,"column":0},"end":{"line":6,"column":3}},"6":{"start":{"line":7,"column":0},"end":{"line":7,"column":14}},"7":{"start":{"line":8,"column":0},"end":{"line":8,"column":5}},"8":{"start":{"line":9,"column":0},"end":{"line":9,"column":19}},"9":{"start":{"line":10,"column":0},"end":{"line":10,"column":43}},"10":{"start":{"line":11,"column":0},"end":{"line":11,"column":87}},"11":{"start":{"line":12,"column":0},"end":{"line":12,"column":5}},"12":{"start":{"line":13,"column":0},"end":{"line":13,"column":53}},"13":{"start":{"line":14,"column":0},"end":{"line":14,"column":0}},"14":{"start":{"line":15,"column":0},"end":{"line":15,"column":5}},"15":{"start":{"line":16,"column":0},"end":{"line":16,"column":82}},"16":{"start":{"line":17,"column":0},"end":{"line":17,"column":92}},"17":{"start":{"line":18,"column":0},"end":{"line":18,"column":94}},"18":{"start":{"line":19,"column":0},"end":{"line":19,"column":5}},"19":{"start":{"line":20,"column":0},"end":{"line":20,"column":62}},"20":{"start":{"line":21,"column":0},"end":{"line":21,"column":72}},"21":{"start":{"line":22,"column":0},"end":{"line":22,"column":57}},"22":{"start":{"line":23,"column":0},"end":{"line":23,"column":71}},"23":{"start":{"line":24,"column":0},"end":{"line":24,"column":67}},"24":{"start":{"line":25,"column":0},"end":{"line":25,"column":57}},"25":{"start":{"line":26,"column":0},"end":{"line":26,"column":0}},"26":{"start":{"line":27,"column":0},"end":{"line":27,"column":5}},"27":{"start":{"line":28,"column":0},"end":{"line":28,"column":90}},"28":{"start":{"line":29,"column":0},"end":{"line":29,"column":5}},"29":{"start":{"line":30,"column":0},"end":{"line":30,"column":17}},"30":{"start":{"line":31,"column":0},"end":{"line":31,"column":60}},"31":{"start":{"line":32,"column":0},"end":{"line":32,"column":70}},"32":{"start":{"line":33,"column":0},"end":{"line":33,"column":62}},"33":{"start":{"line":34,"column":0},"end":{"line":34,"column":52}},"34":{"start":{"line":35,"column":0},"end":{"line":35,"column":66}},"35":{"start":{"line":36,"column":0},"end":{"line":36,"column":52}},"36":{"start":{"line":37,"column":0},"end":{"line":37,"column":3}},"37":{"start":{"line":38,"column":0},"end":{"line":38,"column":1}},"38":{"start":{"line":39,"column":0},"end":{"line":39,"column":0}},"39":{"start":{"line":40,"column":0},"end":{"line":40,"column":41}},"40":{"start":{"line":41,"column":0},"end":{"line":41,"column":50}},"41":{"start":{"line":42,"column":0},"end":{"line":42,"column":0}},"42":{"start":{"line":43,"column":0},"end":{"line":43,"column":3}},"43":{"start":{"line":44,"column":0},"end":{"line":44,"column":43}},"44":{"start":{"line":45,"column":0},"end":{"line":45,"column":32}},"45":{"start":{"line":46,"column":0},"end":{"line":46,"column":80}},"46":{"start":{"line":47,"column":0},"end":{"line":47,"column":3}},"47":{"start":{"line":48,"column":0},"end":{"line":48,"column":74}},"48":{"start":{"line":49,"column":0},"end":{"line":49,"column":36}},"49":{"start":{"line":50,"column":0},"end":{"line":50,"column":0}},"50":{"start":{"line":51,"column":0},"end":{"line":51,"column":3}},"51":{"start":{"line":52,"column":0},"end":{"line":52,"column":48}},"52":{"start":{"line":53,"column":0},"end":{"line":53,"column":37}},"53":{"start":{"line":54,"column":0},"end":{"line":54,"column":85}},"54":{"start":{"line":55,"column":0},"end":{"line":55,"column":3}},"55":{"start":{"line":56,"column":0},"end":{"line":56,"column":39}},"56":{"start":{"line":57,"column":0},"end":{"line":57,"column":46}},"57":{"start":{"line":58,"column":0},"end":{"line":58,"column":43}},"58":{"start":{"line":59,"column":0},"end":{"line":59,"column":0}},"59":{"start":{"line":60,"column":0},"end":{"line":60,"column":3}},"60":{"start":{"line":61,"column":0},"end":{"line":61,"column":37}},"61":{"start":{"line":62,"column":0},"end":{"line":62,"column":2}},"62":{"start":{"line":63,"column":0},"end":{"line":63,"column":3}},"63":{"start":{"line":64,"column":0},"end":{"line":64,"column":69}},"64":{"start":{"line":65,"column":0},"end":{"line":65,"column":28}},"65":{"start":{"line":66,"column":0},"end":{"line":66,"column":0}},"66":{"start":{"line":67,"column":0},"end":{"line":67,"column":33}},"67":{"start":{"line":68,"column":0},"end":{"line":68,"column":51}},"68":{"start":{"line":69,"column":0},"end":{"line":69,"column":37}},"69":{"start":{"line":70,"column":0},"end":{"line":70,"column":79}},"70":{"start":{"line":71,"column":0},"end":{"line":71,"column":33}},"71":{"start":{"line":72,"column":0},"end":{"line":72,"column":69}},"72":{"start":{"line":73,"column":0},"end":{"line":73,"column":28}}},"s":{"0":1,"1":1,"2":1,"3":1,"4":1,"5":1,"6":1,"7":1,"8":1,"9":1,"10":1,"11":1,"12":1,"13":1,"14":1,"15":1,"16":1,"17":1,"18":1,"19":1,"20":1,"21":1,"22":1,"23":1,"24":1,"25":1,"26":1,"27":1,"28":1,"29":1,"30":4,"31":4,"32":4,"33":4,"34":4,"35":4,"36":4,"37":1,"38":1,"39":1,"40":1,"41":1,"42":1,"43":1,"44":1,"45":1,"46":1,"47":1,"48":5,"49":1,"50":1,"51":1,"52":1,"53":1,"54":1,"55":1,"56":1,"57":5,"58":1,"59":1,"60":1,"61":1,"62":1,"63":1,"64":3,"65":1,"66":1,"67":1,"68":2,"69":1,"70":1,"71":1,"72":4},"branchMap":{"0":{"type":"branch","line":30,"loc":{"start":{"line":30,"column":2},"end":{"line":37,"column":3}},"locations":[{"start":{"line":30,"column":2},"end":{"line":37,"column":3}}]},"1":{"type":"branch","line":48,"loc":{"start":{"line":48,"column":35},"end":{"line":49,"column":36}},"locations":[{"start":{"line":48,"column":35},"end":{"line":49,"column":36}}]},"2":{"type":"branch","line":57,"loc":{"start":{"line":57,"column":2},"end":{"line":58,"column":43}},"locations":[{"start":{"line":57,"column":2},"end":{"line":58,"column":43}}]},"3":{"type":"branch","line":64,"loc":{"start":{"line":64,"column":27},"end":{"line":65,"column":28}},"locations":[{"start":{"line":64,"column":27},"end":{"line":65,"column":28}}]},"4":{"type":"branch","line":68,"loc":{"start":{"line":68,"column":2},"end":{"line":69,"column":37}},"locations":[{"start":{"line":68,"column":2},"end":{"line":69,"column":37}}]},"5":{"type":"branch","line":70,"loc":{"start":{"line":70,"column":32},"end":{"line":71,"column":33}},"locations":[{"start":{"line":70,"column":32},"end":{"line":71,"column":33}}]},"6":{"type":"branch","line":72,"loc":{"start":{"line":72,"column":27},"end":{"line":73,"column":28}},"locations":[{"start":{"line":72,"column":27},"end":{"line":73,"column":28}}]}},"b":{"0":[4],"1":[5],"2":[5],"3":[3],"4":[2],"5":[1],"6":[4]},"fnMap":{"0":{"name":"Config","decl":{"start":{"line":30,"column":2},"end":{"line":37,"column":3}},"loc":{"start":{"line":30,"column":2},"end":{"line":37,"column":3}},"line":30},"1":{"name":"isHkdfKeyCompressed","decl":{"start":{"line":48,"column":35},"end":{"line":49,"column":36}},"loc":{"start":{"line":48,"column":35},"end":{"line":49,"column":36}},"line":48},"2":{"name":"isEphemeralKeyCompressed","decl":{"start":{"line":57,"column":2},"end":{"line":58,"column":43}},"loc":{"start":{"line":57,"column":2},"end":{"line":58,"column":43}},"line":57},"3":{"name":"signEnabled","decl":{"start":{"line":64,"column":27},"end":{"line":65,"column":28}},"loc":{"start":{"line":64,"column":27},"end":{"line":65,"column":28}},"line":64},"4":{"name":"signThrowOnInvalid","decl":{"start":{"line":68,"column":2},"end":{"line":69,"column":37}},"loc":{"start":{"line":68,"column":2},"end":{"line":69,"column":37}},"line":68},"5":{"name":"signErrorMessage","decl":{"start":{"line":70,"column":32},"end":{"line":71,"column":33}},"loc":{"start":{"line":70,"column":32},"end":{"line":71,"column":33}},"line":70},"6":{"name":"signUseLowS","decl":{"start":{"line":72,"column":27},"end":{"line":73,"column":28}},"loc":{"start":{"line":72,"column":27},"end":{"line":73,"column":28}},"line":72}},"f":{"0":4,"1":5,"2":5,"3":3,"4":2,"5":1,"6":4}}
,"/home/runner/Ts256k1/src/config/consts.ts": {"path":"/home/runner/Ts256k1/src/config/consts.ts","all":false,"statementMap":{"0":{"start":{"line":1,"column":0},"end":{"line":1,"column":27}},"1":{"start":{"line":2,"column":0},"end":{"line":2,"column":24}},"2":{"start":{"line":3,"column":0},"end":{"line":3,"column":33}},"3":{"start":{"line":4,"column":0},"end":{"line":4,"column":35}},"4":{"start":{"line":5,"column":0},"end":{"line":5,"column":26}},"5":{"start":{"line":6,"column":0},"end":{"line":6,"column":21}},"6":{"start":{"line":7,"column":0},"end":{"line":7,"column":29}},"7":{"start":{"line":8,"column":0},"end":{"line":8,"column":22}},"8":{"start":{"line":9,"column":0},"end":{"line":9,"column":10}}},"s":{"0":1,"1":1,"2":1,"3":1,"4":1,"5":1,"6":1,"7":1,"8":1},"branchMap":{},"b":{},"fnMap":{},"f":{}}
,"/home/runner/Ts256k1/src/config/index.ts": {"path":"/home/runner/Ts256k1/src/config/index.ts","all":false,"statementMap":{"0":{"start":{"line":1,"column":0},"end":{"line":1,"column":24}},"1":{"start":{"line":2,"column":0},"end":{"line":2,"column":24}}},"s":{"0":1,"1":1},"branchMap":{},"b":{},"fnMap":{},"f":{}}
,"/home/runner/Ts256k1/src/config/loadConfig.ts": {"path":"/home/runner/Ts256k1/src/config/loadConfig.ts","all":false,"statementMap":{"0":{"start":{"line":1,"column":0},"end":{"line":1,"column":30}},"1":{"start":{"line":2,"column":0},"end":{"line":2,"column":31}},"2":{"start":{"line":3,"column":0},"end":{"line":3,"column":0}},"3":{"start":{"line":4,"column":0},"end":{"line":4,"column":3}},"4":{"start":{"line":5,"column":0},"end":{"line":5,"column":23}},"5":{"start":{"line":6,"column":0},"end":{"line":6,"column":15}},"6":{"start":{"line":7,"column":0},"end":{"line":7,"column":50}},"7":{"start":{"line":8,"column":0},"end":{"line":8,"column":60}},"8":{"start":{"line":9,"column":0},"end":{"line":9,"column":3}},"9":{"start":{"line":10,"column":0},"end":{"line":10,"column":43}},"10":{"start":{"line":11,"column":0},"end":{"line":11,"column":74}},"11":{"start":{"line":12,"column":0},"end":{"line":12,"column":65}},"12":{"start":{"line":13,"column":0},"end":{"line":13,"column":25}},"13":{"start":{"line":14,"column":0},"end":{"line":14,"column":39}},"14":{"start":{"line":15,"column":0},"end":{"line":15,"column":31}},"15":{"start":{"line":16,"column":0},"end":{"line":16,"column":32}},"16":{"start":{"line":17,"column":0},"end":{"line":17,"column":10}},"17":{"start":{"line":18,"column":0},"end":{"line":18,"column":95}},"18":{"start":{"line":19,"column":0},"end":{"line":19,"column":14}},"19":{"start":{"line":20,"column":0},"end":{"line":20,"column":31}},"20":{"start":{"line":21,"column":0},"end":{"line":21,"column":36}},"21":{"start":{"line":22,"column":0},"end":{"line":22,"column":18}},"22":{"start":{"line":23,"column":0},"end":{"line":23,"column":22}},"23":{"start":{"line":24,"column":0},"end":{"line":24,"column":29}},"24":{"start":{"line":25,"column":0},"end":{"line":25,"column":42}},"25":{"start":{"line":26,"column":0},"end":{"line":26,"column":22}},"26":{"start":{"line":27,"column":0},"end":{"line":27,"column":8}},"27":{"start":{"line":28,"column":0},"end":{"line":28,"column":5}},"28":{"start":{"line":29,"column":0},"end":{"line":29,"column":3}},"29":{"start":{"line":30,"column":0},"end":{"line":30,"column":15}},"30":{"start":{"line":31,"column":0},"end":{"line":31,"column":1}}},"s":{"0":1,"1":1,"2":1,"3":1,"4":1,"5":1,"6":1,"7":1,"8":1,"9":6,"10":6,"11":6,"12":6,"13":6,"14":6,"15":4,"16":6,"17":2,"18":2,"19":2,"20":2,"21":2,"22":2,"23":2,"24":2,"25":2,"26":2,"27":2,"28":2,"29":6,"30":6},"branchMap":{"0":{"type":"branch","line":10,"loc":{"start":{"line":10,"column":0},"end":{"line":31,"column":1}},"locations":[{"start":{"line":10,"column":0},"end":{"line":31,"column":1}}]},"1":{"type":"branch","line":15,"loc":{"start":{"line":15,"column":30},"end":{"line":17,"column":3}},"locations":[{"start":{"line":15,"column":30},"end":{"line":17,"column":3}}]},"2":{"type":"branch","line":17,"loc":{"start":{"line":17,"column":3},"end":{"line":29,"column":3}},"locations":[{"start":{"line":17,"column":3},"end":{"line":29,"column":3}}]}},"b":{"0":[6],"1":[4],"2":[2]},"fnMap":{"0":{"name":"loadConfig","decl":{"start":{"line":10,"column":0},"end":{"line":31,"column":1}},"loc":{"start":{"line":10,"column":0},"end":{"line":31,"column":1}},"line":10}},"f":{"0":6}}
,"/home/runner/Ts256k1/src/lib/PrivateKey.ts": {"path":"/home/runner/Ts256k1/src/lib/PrivateKey.ts","all":false,"statementMap":{"0":{"start":{"line":1,"column":0},"end":{"line":1,"column":39}},"1":{"start":{"line":2,"column":0},"end":{"line":2,"column":59}},"2":{"start":{"line":3,"column":0},"end":{"line":3,"column":0}},"3":{"start":{"line":4,"column":0},"end":{"line":4,"column":79}},"4":{"start":{"line":5,"column":0},"end":{"line":5,"column":0}},"5":{"start":{"line":6,"column":0},"end":{"line":6,"column":51}},"6":{"start":{"line":7,"column":0},"end":{"line":7,"column":3}},"7":{"start":{"line":8,"column":0},"end":{"line":8,"column":61}},"8":{"start":{"line":9,"column":0},"end":{"line":9,"column":3}},"9":{"start":{"line":10,"column":0},"end":{"line":10,"column":25}},"10":{"start":{"line":11,"column":0},"end":{"line":11,"column":5}},"11":{"start":{"line":12,"column":0},"end":{"line":12,"column":59}},"12":{"start":{"line":13,"column":0},"end":{"line":13,"column":4}},"13":{"start":{"line":14,"column":0},"end":{"line":14,"column":12}},"14":{"start":{"line":15,"column":0},"end":{"line":15,"column":20}},"15":{"start":{"line":16,"column":0},"end":{"line":16,"column":79}},"16":{"start":{"line":17,"column":0},"end":{"line":17,"column":58}},"17":{"start":{"line":18,"column":0},"end":{"line":18,"column":5}},"18":{"start":{"line":19,"column":0},"end":{"line":19,"column":50}},"19":{"start":{"line":20,"column":0},"end":{"line":20,"column":41}},"20":{"start":{"line":21,"column":0},"end":{"line":21,"column":3}},"21":{"start":{"line":22,"column":0},"end":{"line":22,"column":0}},"22":{"start":{"line":23,"column":0},"end":{"line":23,"column":35}},"23":{"start":{"line":24,"column":0},"end":{"line":24,"column":0}},"24":{"start":{"line":25,"column":0},"end":{"line":25,"column":5}},"25":{"start":{"line":26,"column":0},"end":{"line":26,"column":49}},"26":{"start":{"line":27,"column":0},"end":{"line":27,"column":4}},"27":{"start":{"line":28,"column":0},"end":{"line":28,"column":91}},"28":{"start":{"line":29,"column":0},"end":{"line":29,"column":5}},"29":{"start":{"line":30,"column":0},"end":{"line":30,"column":38}},"30":{"start":{"line":31,"column":0},"end":{"line":31,"column":0}},"31":{"start":{"line":32,"column":0},"end":{"line":32,"column":5}},"32":{"start":{"line":33,"column":0},"end":{"line":33,"column":46}},"33":{"start":{"line":34,"column":0},"end":{"line":34,"column":4}},"34":{"start":{"line":35,"column":0},"end":{"line":35,"column":73}},"35":{"start":{"line":36,"column":0},"end":{"line":36,"column":73}},"36":{"start":{"line":37,"column":0},"end":{"line":37,"column":5}},"37":{"start":{"line":38,"column":0},"end":{"line":38,"column":28}},"38":{"start":{"line":39,"column":0},"end":{"line":39,"column":33}},"39":{"start":{"line":40,"column":0},"end":{"line":40,"column":3}},"40":{"start":{"line":41,"column":0},"end":{"line":41,"column":0}},"41":{"start":{"line":42,"column":0},"end":{"line":42,"column":5}},"42":{"start":{"line":43,"column":0},"end":{"line":43,"column":53}},"43":{"start":{"line":44,"column":0},"end":{"line":44,"column":4}},"44":{"start":{"line":45,"column":0},"end":{"line":45,"column":75}},"45":{"start":{"line":46,"column":0},"end":{"line":46,"column":74}},"46":{"start":{"line":47,"column":0},"end":{"line":47,"column":5}},"47":{"start":{"line":48,"column":0},"end":{"line":48,"column":29}},"48":{"start":{"line":49,"column":0},"end":{"line":49,"column":32}},"49":{"start":{"line":50,"column":0},"end":{"line":50,"column":3}},"50":{"start":{"line":51,"column":0},"end":{"line":51,"column":0}},"51":{"start":{"line":52,"column":0},"end":{"line":52,"column":5}},"52":{"start":{"line":53,"column":0},"end":{"line":53,"column":42}},"53":{"start":{"line":54,"column":0},"end":{"line":54,"column":4}},"54":{"start":{"line":55,"column":0},"end":{"line":55,"column":17}},"55":{"start":{"line":56,"column":0},"end":{"line":56,"column":128}},"56":{"start":{"line":57,"column":0},"end":{"line":57,"column":50}},"57":{"start":{"line":58,"column":0},"end":{"line":58,"column":5}},"58":{"start":{"line":59,"column":0},"end":{"line":59,"column":36}},"59":{"start":{"line":60,"column":0},"end":{"line":60,"column":54}},"60":{"start":{"line":61,"column":0},"end":{"line":61,"column":72}},"61":{"start":{"line":62,"column":0},"end":{"line":62,"column":18}},"62":{"start":{"line":63,"column":0},"end":{"line":63,"column":57}},"63":{"start":{"line":64,"column":0},"end":{"line":64,"column":3}},"64":{"start":{"line":65,"column":0},"end":{"line":65,"column":0}},"65":{"start":{"line":66,"column":0},"end":{"line":66,"column":5}},"66":{"start":{"line":67,"column":0},"end":{"line":67,"column":86}},"67":{"start":{"line":68,"column":0},"end":{"line":68,"column":4}},"68":{"start":{"line":69,"column":0},"end":{"line":69,"column":24}},"69":{"start":{"line":70,"column":0},"end":{"line":70,"column":69}},"70":{"start":{"line":71,"column":0},"end":{"line":71,"column":55}},"71":{"start":{"line":72,"column":0},"end":{"line":72,"column":5}},"72":{"start":{"line":73,"column":0},"end":{"line":73,"column":49}},"73":{"start":{"line":74,"column":0},"end":{"line":74,"column":31}},"74":{"start":{"line":75,"column":0},"end":{"line":75,"column":31}},"75":{"start":{"line":76,"column":0},"end":{"line":76,"column":32}},"76":{"start":{"line":77,"column":0},"end":{"line":77,"column":45}},"77":{"start":{"line":78,"column":0},"end":{"line":78,"column":43}},"78":{"start":{"line":79,"column":0},"end":{"line":79,"column":12}},"79":{"start":{"line":80,"column":0},"end":{"line":80,"column":47}},"80":{"start":{"line":81,"column":0},"end":{"line":81,"column":44}},"81":{"start":{"line":82,"column":0},"end":{"line":82,"column":5}},"82":{"start":{"line":83,"column":0},"end":{"line":83,"column":49}},"83":{"start":{"line":84,"column":0},"end":{"line":84,"column":3}},"84":{"start":{"line":85,"column":0},"end":{"line":85,"column":0}},"85":{"start":{"line":86,"column":0},"end":{"line":86,"column":5}},"86":{"start":{"line":87,"column":0},"end":{"line":87,"column":83}},"87":{"start":{"line":88,"column":0},"end":{"line":88,"column":4}},"88":{"start":{"line":89,"column":0},"end":{"line":89,"column":21}},"89":{"start":{"line":90,"column":0},"end":{"line":90,"column":61}},"90":{"start":{"line":91,"column":0},"end":{"line":91,"column":90}},"91":{"start":{"line":92,"column":0},"end":{"line":92,"column":54}},"92":{"start":{"line":93,"column":0},"end":{"line":93,"column":5}},"93":{"start":{"line":94,"column":0},"end":{"line":94,"column":75}},"94":{"start":{"line":95,"column":0},"end":{"line":95,"column":33}},"95":{"start":{"line":96,"column":0},"end":{"line":96,"column":64}},"96":{"start":{"line":97,"column":0},"end":{"line":97,"column":3}},"97":{"start":{"line":98,"column":0},"end":{"line":98,"column":0}},"98":{"start":{"line":99,"column":0},"end":{"line":99,"column":5}},"99":{"start":{"line":100,"column":0},"end":{"line":100,"column":53}},"100":{"start":{"line":101,"column":0},"end":{"line":101,"column":4}},"101":{"start":{"line":102,"column":0},"end":{"line":102,"column":27}},"102":{"start":{"line":103,"column":0},"end":{"line":103,"column":61}},"103":{"start":{"line":104,"column":0},"end":{"line":104,"column":75}},"104":{"start":{"line":105,"column":0},"end":{"line":105,"column":5}},"105":{"start":{"line":106,"column":0},"end":{"line":106,"column":55}},"106":{"start":{"line":107,"column":0},"end":{"line":107,"column":42}},"107":{"start":{"line":108,"column":0},"end":{"line":108,"column":3}},"108":{"start":{"line":109,"column":0},"end":{"line":109,"column":0}},"109":{"start":{"line":110,"column":0},"end":{"line":110,"column":5}},"110":{"start":{"line":111,"column":0},"end":{"line":111,"column":34}},"111":{"start":{"line":112,"column":0},"end":{"line":112,"column":4}},"112":{"start":{"line":113,"column":0},"end":{"line":113,"column":27}},"113":{"start":{"line":114,"column":0},"end":{"line":114,"column":48}},"114":{"start":{"line":115,"column":0},"end":{"line":115,"column":5}},"115":{"start":{"line":116,"column":0},"end":{"line":116,"column":40}},"116":{"start":{"line":117,"column":0},"end":{"line":117,"column":26}},"117":{"start":{"line":118,"column":0},"end":{"line":118,"column":8}},"118":{"start":{"line":119,"column":0},"end":{"line":119,"column":56}},"119":{"start":{"line":120,"column":0},"end":{"line":120,"column":42}},"120":{"start":{"line":121,"column":0},"end":{"line":121,"column":0}},"121":{"start":{"line":122,"column":0},"end":{"line":122,"column":17}},"122":{"start":{"line":123,"column":0},"end":{"line":123,"column":3}},"123":{"start":{"line":124,"column":0},"end":{"line":124,"column":0}},"124":{"start":{"line":125,"column":0},"end":{"line":125,"column":5}},"125":{"start":{"line":126,"column":0},"end":{"line":126,"column":66}},"126":{"start":{"line":127,"column":0},"end":{"line":127,"column":4}},"127":{"start":{"line":128,"column":0},"end":{"line":128,"column":25}},"128":{"start":{"line":129,"column":0},"end":{"line":129,"column":80}},"129":{"start":{"line":130,"column":0},"end":{"line":130,"column":58}},"130":{"start":{"line":131,"column":0},"end":{"line":131,"column":5}},"131":{"start":{"line":132,"column":0},"end":{"line":132,"column":56}},"132":{"start":{"line":133,"column":0},"end":{"line":133,"column":31}},"133":{"start":{"line":134,"column":0},"end":{"line":134,"column":3}},"134":{"start":{"line":135,"column":0},"end":{"line":135,"column":1}}},"s":{"0":1,"1":1,"2":1,"3":1,"4":1,"5":1,"6":1,"7":1,"8":1,"9":1,"10":1,"11":1,"12":1,"13":1,"14":1,"15":1,"16":1,"17":1,"18":1,"19":4,"20":4,"21":1,"22":1,"23":1,"24":1,"25":1,"26":1,"27":1,"28":1,"29":1,"30":1,"31":1,"32":1,"33":1,"34":1,"35":1,"36":1,"37":1,"38":9,"39":9,"40":1,"41":1,"42":1,"43":1,"44":1,"45":1,"46":1,"47":1,"48":5,"49":5,"50":1,"51":1,"52":1,"53":1,"54":1,"55":1,"56":1,"57":1,"58":1,"59":33,"60":33,"61":32,"62":32,"63":32,"64":1,"65":1,"66":1,"67":1,"68":1,"69":1,"70":1,"71":1,"72":1,"73":10,"74":10,"75":10,"76":2,"77":2,"78":10,"79":8,"80":8,"81":8,"82":10,"83":10,"84":1,"85":1,"86":1,"87":1,"88":1,"89":1,"90":1,"91":1,"92":1,"93":1,"94":15,"95":15,"96":15,"97":1,"98":1,"99":1,"100":1,"101":1,"102":1,"103":1,"104":1,"105":1,"106":47,"107":47,"108":1,"109":1,"110":1,"111":1,"112":1,"113":1,"114":1,"115":1,"116":14,"117":14,"118":14,"119":14,"120":14,"121":14,"122":14,"123":1,"124":1,"125":1,"126":1,"127":1,"128":1,"129":1,"130":1,"131":1,"132":32,"133":32,"134":1},"branchMap":{"0":{"type":"branch","line":19,"loc":{"start":{"line":19,"column":16},"end":{"line":21,"column":3}},"locations":[{"start":{"line":19,"column":16},"end":{"line":21,"column":3}}]},"1":{"type":"branch","line":38,"loc":{"start":{"line":38,"column":2},"end":{"line":40,"column":3}},"locations":[{"start":{"line":38,"column":2},"end":{"line":40,"column":3}}]},"2":{"type":"branch","line":48,"loc":{"start":{"line":48,"column":2},"end":{"line":50,"column":3}},"locations":[{"start":{"line":48,"column":2},"end":{"line":50,"column":3}}]},"3":{"type":"branch","line":59,"loc":{"start":{"line":59,"column":2},"end":{"line":64,"column":3}},"locations":[{"start":{"line":59,"column":2},"end":{"line":64,"column":3}}]},"4":{"type":"branch","line":60,"loc":{"start":{"line":60,"column":22},"end":{"line":60,"column":30}},"locations":[{"start":{"line":60,"column":22},"end":{"line":60,"column":30}}]},"5":{"type":"branch","line":60,"loc":{"start":{"line":60,"column":31},"end":{"line":60,"column":54}},"locations":[{"start":{"line":60,"column":31},"end":{"line":60,"column":54}}]},"6":{"type":"branch","line":61,"loc":{"start":{"line":61,"column":34},"end":{"line":61,"column":72}},"locations":[{"start":{"line":61,"column":34},"end":{"line":61,"column":72}}]},"7":{"type":"branch","line":62,"loc":{"start":{"line":62,"column":-1},"end":{"line":64,"column":3}},"locations":[{"start":{"line":62,"column":-1},"end":{"line":64,"column":3}}]},"8":{"type":"branch","line":73,"loc":{"start":{"line":73,"column":9},"end":{"line":84,"column":3}},"locations":[{"start":{"line":73,"column":9},"end":{"line":84,"column":3}}]},"9":{"type":"branch","line":76,"loc":{"start":{"line":76,"column":31},"end":{"line":79,"column":5}},"locations":[{"start":{"line":76,"column":31},"end":{"line":79,"column":5}}]},"10":{"type":"branch","line":79,"loc":{"start":{"line":79,"column":5},"end":{"line":82,"column":5}},"locations":[{"start":{"line":79,"column":5},"end":{"line":82,"column":5}}]},"11":{"type":"branch","line":94,"loc":{"start":{"line":94,"column":9},"end":{"line":97,"column":3}},"locations":[{"start":{"line":94,"column":9},"end":{"line":97,"column":3}}]},"12":{"type":"branch","line":106,"loc":{"start":{"line":106,"column":10},"end":{"line":108,"column":3}},"locations":[{"start":{"line":106,"column":10},"end":{"line":108,"column":3}}]},"13":{"type":"branch","line":116,"loc":{"start":{"line":116,"column":10},"end":{"line":123,"column":3}},"locations":[{"start":{"line":116,"column":10},"end":{"line":123,"column":3}}]},"14":{"type":"branch","line":132,"loc":{"start":{"line":132,"column":10},"end":{"line":134,"column":3}},"locations":[{"start":{"line":132,"column":10},"end":{"line":134,"column":3}}]}},"b":{"0":[4],"1":[9],"2":[5],"3":[33],"4":[19],"5":[14],"6":[1],"7":[32],"8":[10],"9":[2],"10":[8],"11":[15],"12":[47],"13":[14],"14":[32]},"fnMap":{"0":{"name":"fromHex","decl":{"start":{"line":19,"column":16},"end":{"line":21,"column":3}},"loc":{"start":{"line":19,"column":16},"end":{"line":21,"column":3}},"line":19},"1":{"name":"get secret","decl":{"start":{"line":38,"column":2},"end":{"line":40,"column":3}},"loc":{"start":{"line":38,"column":2},"end":{"line":40,"column":3}},"line":38},"2":{"name":"get secretToHex","decl":{"start":{"line":48,"column":2},"end":{"line":50,"column":3}},"loc":{"start":{"line":48,"column":2},"end":{"line":50,"column":3}},"line":48},"3":{"name":"PrivateKey","decl":{"start":{"line":59,"column":2},"end":{"line":64,"column":3}},"loc":{"start":{"line":59,"column":2},"end":{"line":64,"column":3}},"line":59},"4":{"name":"encapsulate","decl":{"start":{"line":73,"column":9},"end":{"line":84,"column":3}},"loc":{"start":{"line":73,"column":9},"end":{"line":84,"column":3}},"line":73},"5":{"name":"multiply","decl":{"start":{"line":94,"column":9},"end":{"line":97,"column":3}},"loc":{"start":{"line":94,"column":9},"end":{"line":97,"column":3}},"line":94},"6":{"name":"validateSecret","decl":{"start":{"line":106,"column":10},"end":{"line":108,"column":3}},"loc":{"start":{"line":106,"column":10},"end":{"line":108,"column":3}},"line":106},"7":{"name":"getValidSecret","decl":{"start":{"line":116,"column":10},"end":{"line":123,"column":3}},"loc":{"start":{"line":116,"column":10},"end":{"line":123,"column":3}},"line":116},"8":{"name":"getPublicKey","decl":{"start":{"line":132,"column":10},"end":{"line":134,"column":3}},"loc":{"start":{"line":132,"column":10},"end":{"line":134,"column":3}},"line":132}},"f":{"0":4,"1":9,"2":5,"3":33,"4":10,"5":15,"6":47,"7":14,"8":32}}
,"/home/runner/Ts256k1/src/lib/PublicKey.ts": {"path":"/home/runner/Ts256k1/src/lib/PublicKey.ts","all":false,"statementMap":{"0":{"start":{"line":1,"column":0},"end":{"line":1,"column":41}},"1":{"start":{"line":2,"column":0},"end":{"line":2,"column":71}},"2":{"start":{"line":3,"column":0},"end":{"line":3,"column":47}},"3":{"start":{"line":4,"column":0},"end":{"line":4,"column":0}},"4":{"start":{"line":5,"column":0},"end":{"line":5,"column":3}},"5":{"start":{"line":6,"column":0},"end":{"line":6,"column":59}},"6":{"start":{"line":7,"column":0},"end":{"line":7,"column":3}},"7":{"start":{"line":8,"column":0},"end":{"line":8,"column":24}},"8":{"start":{"line":9,"column":0},"end":{"line":9,"column":5}},"9":{"start":{"line":10,"column":0},"end":{"line":10,"column":66}},"10":{"start":{"line":11,"column":0},"end":{"line":11,"column":4}},"11":{"start":{"line":12,"column":0},"end":{"line":12,"column":12}},"12":{"start":{"line":13,"column":0},"end":{"line":13,"column":20}},"13":{"start":{"line":14,"column":0},"end":{"line":14,"column":78}},"14":{"start":{"line":15,"column":0},"end":{"line":15,"column":56}},"15":{"start":{"line":16,"column":0},"end":{"line":16,"column":5}},"16":{"start":{"line":17,"column":0},"end":{"line":17,"column":49}},"17":{"start":{"line":18,"column":0},"end":{"line":18,"column":45}},"18":{"start":{"line":19,"column":0},"end":{"line":19,"column":3}},"19":{"start":{"line":20,"column":0},"end":{"line":20,"column":0}},"20":{"start":{"line":21,"column":0},"end":{"line":21,"column":35}},"21":{"start":{"line":22,"column":0},"end":{"line":22,"column":0}},"22":{"start":{"line":23,"column":0},"end":{"line":23,"column":5}},"23":{"start":{"line":24,"column":0},"end":{"line":24,"column":67}},"24":{"start":{"line":25,"column":0},"end":{"line":25,"column":71}},"25":{"start":{"line":26,"column":0},"end":{"line":26,"column":5}},"26":{"start":{"line":27,"column":0},"end":{"line":27,"column":28}},"27":{"start":{"line":28,"column":0},"end":{"line":28,"column":49}},"28":{"start":{"line":29,"column":0},"end":{"line":29,"column":33}},"29":{"start":{"line":30,"column":0},"end":{"line":30,"column":3}},"30":{"start":{"line":31,"column":0},"end":{"line":31,"column":0}},"31":{"start":{"line":32,"column":0},"end":{"line":32,"column":30}},"32":{"start":{"line":33,"column":0},"end":{"line":33,"column":51}},"33":{"start":{"line":34,"column":0},"end":{"line":34,"column":69}},"34":{"start":{"line":35,"column":0},"end":{"line":35,"column":3}},"35":{"start":{"line":36,"column":0},"end":{"line":36,"column":0}},"36":{"start":{"line":37,"column":0},"end":{"line":37,"column":5}},"37":{"start":{"line":38,"column":0},"end":{"line":38,"column":17}},"38":{"start":{"line":39,"column":0},"end":{"line":39,"column":79}},"39":{"start":{"line":40,"column":0},"end":{"line":40,"column":5}},"40":{"start":{"line":41,"column":0},"end":{"line":41,"column":39}},"41":{"start":{"line":42,"column":0},"end":{"line":42,"column":61}},"42":{"start":{"line":43,"column":0},"end":{"line":43,"column":3}},"43":{"start":{"line":44,"column":0},"end":{"line":44,"column":0}},"44":{"start":{"line":45,"column":0},"end":{"line":45,"column":5}},"45":{"start":{"line":46,"column":0},"end":{"line":46,"column":53}},"46":{"start":{"line":47,"column":0},"end":{"line":47,"column":4}},"47":{"start":{"line":48,"column":0},"end":{"line":48,"column":18}},"48":{"start":{"line":49,"column":0},"end":{"line":49,"column":102}},"49":{"start":{"line":50,"column":0},"end":{"line":50,"column":74}},"50":{"start":{"line":51,"column":0},"end":{"line":51,"column":5}},"51":{"start":{"line":52,"column":0},"end":{"line":52,"column":52}},"52":{"start":{"line":53,"column":0},"end":{"line":53,"column":21}},"53":{"start":{"line":54,"column":0},"end":{"line":54,"column":34}},"54":{"start":{"line":55,"column":0},"end":{"line":55,"column":12}},"55":{"start":{"line":56,"column":0},"end":{"line":56,"column":42}},"56":{"start":{"line":57,"column":0},"end":{"line":57,"column":5}},"57":{"start":{"line":58,"column":0},"end":{"line":58,"column":3}},"58":{"start":{"line":59,"column":0},"end":{"line":59,"column":0}},"59":{"start":{"line":60,"column":0},"end":{"line":60,"column":5}},"60":{"start":{"line":61,"column":0},"end":{"line":61,"column":78}},"61":{"start":{"line":62,"column":0},"end":{"line":62,"column":4}},"62":{"start":{"line":63,"column":0},"end":{"line":63,"column":24}},"63":{"start":{"line":64,"column":0},"end":{"line":64,"column":89}},"64":{"start":{"line":65,"column":0},"end":{"line":65,"column":76}},"65":{"start":{"line":66,"column":0},"end":{"line":66,"column":5}},"66":{"start":{"line":67,"column":0},"end":{"line":67,"column":50}},"67":{"start":{"line":68,"column":0},"end":{"line":68,"column":31}},"68":{"start":{"line":69,"column":0},"end":{"line":69,"column":31}},"69":{"start":{"line":70,"column":0},"end":{"line":70,"column":32}},"70":{"start":{"line":71,"column":0},"end":{"line":71,"column":29}},"71":{"start":{"line":72,"column":0},"end":{"line":72,"column":43}},"72":{"start":{"line":73,"column":0},"end":{"line":73,"column":12}},"73":{"start":{"line":74,"column":0},"end":{"line":74,"column":37}},"74":{"start":{"line":75,"column":0},"end":{"line":75,"column":44}},"75":{"start":{"line":76,"column":0},"end":{"line":76,"column":5}},"76":{"start":{"line":77,"column":0},"end":{"line":77,"column":49}},"77":{"start":{"line":78,"column":0},"end":{"line":78,"column":3}},"78":{"start":{"line":79,"column":0},"end":{"line":79,"column":0}},"79":{"start":{"line":80,"column":0},"end":{"line":80,"column":5}},"80":{"start":{"line":81,"column":0},"end":{"line":81,"column":82}},"81":{"start":{"line":82,"column":0},"end":{"line":82,"column":4}},"82":{"start":{"line":83,"column":0},"end":{"line":83,"column":35}},"83":{"start":{"line":84,"column":0},"end":{"line":84,"column":61}},"84":{"start":{"line":85,"column":0},"end":{"line":85,"column":79}},"85":{"start":{"line":86,"column":0},"end":{"line":86,"column":54}},"86":{"start":{"line":87,"column":0},"end":{"line":87,"column":13}},"87":{"start":{"line":88,"column":0},"end":{"line":88,"column":5}},"88":{"start":{"line":89,"column":0},"end":{"line":89,"column":33}},"89":{"start":{"line":90,"column":0},"end":{"line":90,"column":19}},"90":{"start":{"line":91,"column":0},"end":{"line":91,"column":23}},"91":{"start":{"line":92,"column":0},"end":{"line":92,"column":17}},"92":{"start":{"line":93,"column":0},"end":{"line":93,"column":56}},"93":{"start":{"line":94,"column":0},"end":{"line":94,"column":3}},"94":{"start":{"line":95,"column":0},"end":{"line":95,"column":1}}},"s":{"0":1,"1":1,"2":1,"3":1,"4":1,"5":1,"6":1,"7":1,"8":1,"9":1,"10":1,"11":1,"12":1,"13":1,"14":1,"15":1,"16":1,"17":11,"18":11,"19":1,"20":1,"21":1,"22":1,"23":1,"24":1,"25":1,"26":1,"27":28,"28":28,"29":28,"30":1,"31":1,"32":27,"33":27,"34":27,"35":1,"36":1,"37":1,"38":1,"39":1,"40":1,"41":49,"42":49,"43":1,"44":1,"45":1,"46":1,"47":1,"48":1,"49":1,"50":1,"51":1,"52":14,"53":11,"54":14,"55":3,"56":3,"57":14,"58":1,"59":1,"60":1,"61":1,"62":1,"63":1,"64":1,"65":1,"66":1,"67":3,"68":3,"69":3,"70":1,"71":1,"72":2,"73":2,"74":2,"75":2,"76":3,"77":3,"78":1,"79":1,"80":1,"81":1,"82":1,"83":1,"84":1,"85":1,"86":1,"87":1,"88":1,"89":76,"90":76,"91":76,"92":76,"93":76,"94":1},"branchMap":{"0":{"type":"branch","line":17,"loc":{"start":{"line":17,"column":16},"end":{"line":19,"column":3}},"locations":[{"start":{"line":17,"column":16},"end":{"line":19,"column":3}}]},"1":{"type":"branch","line":27,"loc":{"start":{"line":27,"column":2},"end":{"line":30,"column":3}},"locations":[{"start":{"line":27,"column":2},"end":{"line":30,"column":3}}]},"2":{"type":"branch","line":32,"loc":{"start":{"line":32,"column":2},"end":{"line":35,"column":3}},"locations":[{"start":{"line":32,"column":2},"end":{"line":35,"column":3}}]},"3":{"type":"branch","line":41,"loc":{"start":{"line":41,"column":2},"end":{"line":43,"column":3}},"locations":[{"start":{"line":41,"column":2},"end":{"line":43,"column":3}}]},"4":{"type":"branch","line":52,"loc":{"start":{"line":52,"column":9},"end":{"line":58,"column":3}},"locations":[{"start":{"line":52,"column":9},"end":{"line":58,"column":3}}]},"5":{"type":"branch","line":53,"loc":{"start":{"line":53,"column":20},"end":{"line":55,"column":5}},"locations":[{"start":{"line":53,"column":20},"end":{"line":55,"column":5}}]},"6":{"type":"branch","line":55,"loc":{"start":{"line":55,"column":5},"end":{"line":57,"column":5}},"locations":[{"start":{"line":55,"column":5},"end":{"line":57,"column":5}}]},"7":{"type":"branch","line":67,"loc":{"start":{"line":67,"column":9},"end":{"line":78,"column":3}},"locations":[{"start":{"line":67,"column":9},"end":{"line":78,"column":3}}]},"8":{"type":"branch","line":70,"loc":{"start":{"line":70,"column":31},"end":{"line":76,"column":5}},"locations":[{"start":{"line":70,"column":31},"end":{"line":76,"column":5}}]},"9":{"type":"branch","line":70,"loc":{"start":{"line":70,"column":31},"end":{"line":73,"column":5}},"locations":[{"start":{"line":70,"column":31},"end":{"line":73,"column":5}}]},"10":{"type":"branch","line":89,"loc":{"start":{"line":89,"column":10},"end":{"line":94,"column":3}},"locations":[{"start":{"line":89,"column":10},"end":{"line":94,"column":3}}]}},"b":{"0":[11],"1":[28],"2":[27],"3":[49],"4":[14],"5":[11],"6":[3],"7":[3],"8":[2],"9":[1],"10":[76]},"fnMap":{"0":{"name":"fromHex","decl":{"start":{"line":17,"column":16},"end":{"line":19,"column":3}},"loc":{"start":{"line":17,"column":16},"end":{"line":19,"column":3}},"line":17},"1":{"name":"get compressed","decl":{"start":{"line":27,"column":2},"end":{"line":30,"column":3}},"loc":{"start":{"line":27,"column":2},"end":{"line":30,"column":3}},"line":27},"2":{"name":"get uncompressed","decl":{"start":{"line":32,"column":2},"end":{"line":35,"column":3}},"loc":{"start":{"line":32,"column":2},"end":{"line":35,"column":3}},"line":32},"3":{"name":"PublicKey","decl":{"start":{"line":41,"column":2},"end":{"line":43,"column":3}},"loc":{"start":{"line":41,"column":2},"end":{"line":43,"column":3}},"line":41},"4":{"name":"toHex","decl":{"start":{"line":52,"column":9},"end":{"line":58,"column":3}},"loc":{"start":{"line":52,"column":9},"end":{"line":58,"column":3}},"line":52},"5":{"name":"decapsulate","decl":{"start":{"line":67,"column":9},"end":{"line":78,"column":3}},"loc":{"start":{"line":67,"column":9},"end":{"line":78,"column":3}},"line":67},"6":{"name":"convertPublicKeyFormat","decl":{"start":{"line":89,"column":10},"end":{"line":94,"column":3}},"loc":{"start":{"line":89,"column":10},"end":{"line":94,"column":3}},"line":89}},"f":{"0":11,"1":28,"2":27,"3":49,"4":14,"5":3,"6":76}}
,"/home/runner/Ts256k1/src/lib/Service.ts": {"path":"/home/runner/Ts256k1/src/lib/Service.ts","all":false,"statementMap":{"0":{"start":{"line":1,"column":0},"end":{"line":1,"column":47}},"1":{"start":{"line":2,"column":0},"end":{"line":2,"column":8}},"2":{"start":{"line":3,"column":0},"end":{"line":3,"column":10}},"3":{"start":{"line":4,"column":0},"end":{"line":4,"column":16}},"4":{"start":{"line":5,"column":0},"end":{"line":5,"column":20}},"5":{"start":{"line":6,"column":0},"end":{"line":6,"column":21}},"6":{"start":{"line":7,"column":0},"end":{"line":7,"column":25}},"7":{"start":{"line":8,"column":0},"end":{"line":8,"column":18}},"8":{"start":{"line":9,"column":0},"end":{"line":9,"column":8}},"9":{"start":{"line":10,"column":0},"end":{"line":10,"column":14}},"10":{"start":{"line":11,"column":0},"end":{"line":11,"column":21}},"11":{"start":{"line":12,"column":0},"end":{"line":12,"column":19}},"12":{"start":{"line":13,"column":0},"end":{"line":13,"column":13}},"13":{"start":{"line":14,"column":0},"end":{"line":14,"column":18}},"14":{"start":{"line":15,"column":0},"end":{"line":15,"column":60}},"15":{"start":{"line":16,"column":0},"end":{"line":16,"column":41}},"16":{"start":{"line":17,"column":0},"end":{"line":17,"column":39}},"17":{"start":{"line":18,"column":0},"end":{"line":18,"column":0}},"18":{"start":{"line":19,"column":0},"end":{"line":19,"column":3}},"19":{"start":{"line":20,"column":0},"end":{"line":20,"column":17}},"20":{"start":{"line":21,"column":0},"end":{"line":21,"column":81}},"21":{"start":{"line":22,"column":0},"end":{"line":22,"column":3}},"22":{"start":{"line":23,"column":0},"end":{"line":23,"column":22}},"23":{"start":{"line":24,"column":0},"end":{"line":24,"column":5}},"24":{"start":{"line":25,"column":0},"end":{"line":25,"column":53}},"25":{"start":{"line":26,"column":0},"end":{"line":26,"column":4}},"26":{"start":{"line":27,"column":0},"end":{"line":27,"column":17}},"27":{"start":{"line":28,"column":0},"end":{"line":28,"column":105}},"28":{"start":{"line":29,"column":0},"end":{"line":29,"column":91}},"29":{"start":{"line":30,"column":0},"end":{"line":30,"column":5}},"30":{"start":{"line":31,"column":0},"end":{"line":31,"column":14}},"31":{"start":{"line":32,"column":0},"end":{"line":32,"column":38}},"32":{"start":{"line":33,"column":0},"end":{"line":33,"column":36}},"33":{"start":{"line":34,"column":0},"end":{"line":34,"column":6}},"34":{"start":{"line":35,"column":0},"end":{"line":35,"column":0}},"35":{"start":{"line":36,"column":0},"end":{"line":36,"column":5}},"36":{"start":{"line":37,"column":0},"end":{"line":37,"column":105}},"37":{"start":{"line":38,"column":0},"end":{"line":38,"column":37}},"38":{"start":{"line":39,"column":0},"end":{"line":39,"column":4}},"39":{"start":{"line":40,"column":0},"end":{"line":40,"column":73}},"40":{"start":{"line":41,"column":0},"end":{"line":41,"column":108}},"41":{"start":{"line":42,"column":0},"end":{"line":42,"column":48}},"42":{"start":{"line":43,"column":0},"end":{"line":43,"column":5}},"43":{"start":{"line":44,"column":0},"end":{"line":44,"column":47}},"44":{"start":{"line":45,"column":0},"end":{"line":45,"column":47}},"45":{"start":{"line":46,"column":0},"end":{"line":46,"column":67}},"46":{"start":{"line":47,"column":0},"end":{"line":47,"column":0}},"47":{"start":{"line":48,"column":0},"end":{"line":48,"column":108}},"48":{"start":{"line":49,"column":0},"end":{"line":49,"column":24}},"49":{"start":{"line":50,"column":0},"end":{"line":50,"column":51}},"50":{"start":{"line":51,"column":0},"end":{"line":51,"column":22}},"51":{"start":{"line":52,"column":0},"end":{"line":52,"column":24}},"52":{"start":{"line":53,"column":0},"end":{"line":53,"column":7}},"53":{"start":{"line":54,"column":0},"end":{"line":54,"column":0}},"54":{"start":{"line":55,"column":0},"end":{"line":55,"column":30}},"55":{"start":{"line":56,"column":0},"end":{"line":56,"column":5}},"56":{"start":{"line":57,"column":0},"end":{"line":57,"column":0}},"57":{"start":{"line":58,"column":0},"end":{"line":58,"column":64}},"58":{"start":{"line":59,"column":0},"end":{"line":59,"column":24}},"59":{"start":{"line":60,"column":0},"end":{"line":60,"column":3}},"60":{"start":{"line":61,"column":0},"end":{"line":61,"column":0}},"61":{"start":{"line":62,"column":0},"end":{"line":62,"column":5}},"62":{"start":{"line":63,"column":0},"end":{"line":63,"column":95}},"63":{"start":{"line":64,"column":0},"end":{"line":64,"column":4}},"64":{"start":{"line":65,"column":0},"end":{"line":65,"column":91}},"65":{"start":{"line":66,"column":0},"end":{"line":66,"column":109}},"66":{"start":{"line":67,"column":0},"end":{"line":67,"column":103}},"67":{"start":{"line":68,"column":0},"end":{"line":68,"column":5}},"68":{"start":{"line":69,"column":0},"end":{"line":69,"column":54}},"69":{"start":{"line":70,"column":0},"end":{"line":70,"column":35}},"70":{"start":{"line":71,"column":0},"end":{"line":71,"column":0}},"71":{"start":{"line":72,"column":0},"end":{"line":72,"column":50}},"72":{"start":{"line":73,"column":0},"end":{"line":73,"column":24}},"73":{"start":{"line":74,"column":0},"end":{"line":74,"column":45}},"74":{"start":{"line":75,"column":0},"end":{"line":75,"column":66}},"75":{"start":{"line":76,"column":0},"end":{"line":76,"column":63}},"76":{"start":{"line":77,"column":0},"end":{"line":77,"column":23}},"77":{"start":{"line":78,"column":0},"end":{"line":78,"column":7}},"78":{"start":{"line":79,"column":0},"end":{"line":79,"column":0}},"79":{"start":{"line":80,"column":0},"end":{"line":80,"column":118}},"80":{"start":{"line":81,"column":0},"end":{"line":81,"column":182}},"81":{"start":{"line":82,"column":0},"end":{"line":82,"column":0}},"82":{"start":{"line":83,"column":0},"end":{"line":83,"column":58}},"83":{"start":{"line":84,"column":0},"end":{"line":84,"column":50}},"84":{"start":{"line":85,"column":0},"end":{"line":85,"column":5}},"85":{"start":{"line":86,"column":0},"end":{"line":86,"column":0}},"86":{"start":{"line":87,"column":0},"end":{"line":87,"column":93}},"87":{"start":{"line":88,"column":0},"end":{"line":88,"column":48}},"88":{"start":{"line":89,"column":0},"end":{"line":89,"column":3}},"89":{"start":{"line":90,"column":0},"end":{"line":90,"column":0}},"90":{"start":{"line":91,"column":0},"end":{"line":91,"column":5}},"91":{"start":{"line":92,"column":0},"end":{"line":92,"column":69}},"92":{"start":{"line":93,"column":0},"end":{"line":93,"column":69}},"93":{"start":{"line":94,"column":0},"end":{"line":94,"column":112}},"94":{"start":{"line":95,"column":0},"end":{"line":95,"column":58}},"95":{"start":{"line":96,"column":0},"end":{"line":96,"column":4}},"96":{"start":{"line":97,"column":0},"end":{"line":97,"column":19}},"97":{"start":{"line":98,"column":0},"end":{"line":98,"column":98}},"98":{"start":{"line":99,"column":0},"end":{"line":99,"column":87}},"99":{"start":{"line":100,"column":0},"end":{"line":100,"column":103}},"100":{"start":{"line":101,"column":0},"end":{"line":101,"column":5}},"101":{"start":{"line":102,"column":0},"end":{"line":102,"column":57}},"102":{"start":{"line":103,"column":0},"end":{"line":103,"column":49}},"103":{"start":{"line":104,"column":0},"end":{"line":104,"column":38}},"104":{"start":{"line":105,"column":0},"end":{"line":105,"column":59}},"105":{"start":{"line":106,"column":0},"end":{"line":106,"column":44}},"106":{"start":{"line":107,"column":0},"end":{"line":107,"column":5}},"107":{"start":{"line":108,"column":0},"end":{"line":108,"column":0}},"108":{"start":{"line":109,"column":0},"end":{"line":109,"column":48}},"109":{"start":{"line":110,"column":0},"end":{"line":110,"column":37}},"110":{"start":{"line":111,"column":0},"end":{"line":111,"column":57}},"111":{"start":{"line":112,"column":0},"end":{"line":112,"column":106}},"112":{"start":{"line":113,"column":0},"end":{"line":113,"column":18}},"113":{"start":{"line":114,"column":0},"end":{"line":114,"column":61}},"114":{"start":{"line":115,"column":0},"end":{"line":115,"column":28}},"115":{"start":{"line":116,"column":0},"end":{"line":116,"column":30}},"116":{"start":{"line":117,"column":0},"end":{"line":117,"column":35}},"117":{"start":{"line":118,"column":0},"end":{"line":118,"column":5}},"118":{"start":{"line":119,"column":0},"end":{"line":119,"column":0}},"119":{"start":{"line":120,"column":0},"end":{"line":120,"column":48}},"120":{"start":{"line":121,"column":0},"end":{"line":121,"column":24}},"121":{"start":{"line":122,"column":0},"end":{"line":122,"column":93}},"122":{"start":{"line":123,"column":0},"end":{"line":123,"column":5}},"123":{"start":{"line":124,"column":0},"end":{"line":124,"column":3}},"124":{"start":{"line":125,"column":0},"end":{"line":125,"column":1}},"125":{"start":{"line":126,"column":0},"end":{"line":126,"column":73}}},"s":{"0":1,"1":1,"2":1,"3":1,"4":1,"5":1,"6":1,"7":1,"8":1,"9":1,"10":1,"11":1,"12":1,"13":1,"14":1,"15":1,"16":1,"17":1,"18":1,"19":1,"20":1,"21":1,"22":1,"23":1,"24":1,"25":1,"26":1,"27":1,"28":1,"29":1,"30":1,"31":5,"32":5,"33":5,"34":1,"35":1,"36":1,"37":1,"38":1,"39":1,"40":1,"41":1,"42":1,"43":1,"44":3,"45":3,"46":3,"47":3,"48":3,"49":2,"50":2,"51":2,"52":2,"53":2,"54":2,"55":2,"56":1,"57":1,"58":1,"59":1,"60":1,"61":1,"62":1,"63":1,"64":1,"65":1,"66":1,"67":1,"68":1,"69":5,"70":5,"71":5,"72":5,"73":4,"74":4,"75":4,"76":4,"77":4,"78":4,"79":4,"80":4,"81":3,"82":3,"83":3,"84":3,"85":1,"86":1,"87":1,"88":1,"89":1,"90":1,"91":1,"92":1,"93":1,"94":1,"95":1,"96":1,"97":1,"98":1,"99":1,"100":1,"101":1,"102":11,"103":11,"104":4,"105":4,"106":4,"107":7,"108":7,"109":11,"110":5,"111":5,"112":5,"113":5,"114":5,"115":5,"116":5,"117":5,"118":2,"119":2,"120":2,"121":2,"122":2,"123":2,"124":1,"125":1},"branchMap":{"0":{"type":"branch","line":31,"loc":{"start":{"line":31,"column":2},"end":{"line":34,"column":6}},"locations":[{"start":{"line":31,"column":2},"end":{"line":34,"column":6}}]},"1":{"type":"branch","line":44,"loc":{"start":{"line":44,"column":9},"end":{"line":60,"column":3}},"locations":[{"start":{"line":44,"column":9},"end":{"line":60,"column":3}}]},"2":{"type":"branch","line":49,"loc":{"start":{"line":49,"column":23},"end":{"line":60,"column":3}},"locations":[{"start":{"line":49,"column":23},"end":{"line":60,"column":3}}]},"3":{"type":"branch","line":57,"loc":{"start":{"line":57,"column":-1},"end":{"line":60,"column":3}},"locations":[{"start":{"line":57,"column":-1},"end":{"line":60,"column":3}}]},"4":{"type":"branch","line":69,"loc":{"start":{"line":69,"column":9},"end":{"line":89,"column":3}},"locations":[{"start":{"line":69,"column":9},"end":{"line":89,"column":3}}]},"5":{"type":"branch","line":73,"loc":{"start":{"line":73,"column":23},"end":{"line":85,"column":5}},"locations":[{"start":{"line":73,"column":23},"end":{"line":85,"column":5}}]},"6":{"type":"branch","line":81,"loc":{"start":{"line":81,"column":30},"end":{"line":81,"column":41}},"locations":[{"start":{"line":81,"column":30},"end":{"line":81,"column":41}}]},"7":{"type":"branch","line":81,"loc":{"start":{"line":81,"column":43},"end":{"line":81,"column":79}},"locations":[{"start":{"line":81,"column":43},"end":{"line":81,"column":79}}]},"8":{"type":"branch","line":81,"loc":{"start":{"line":81,"column":78},"end":{"line":85,"column":5}},"locations":[{"start":{"line":81,"column":78},"end":{"line":85,"column":5}}]},"9":{"type":"branch","line":86,"loc":{"start":{"line":86,"column":-1},"end":{"line":89,"column":3}},"locations":[{"start":{"line":86,"column":-1},"end":{"line":89,"column":3}}]},"10":{"type":"branch","line":102,"loc":{"start":{"line":102,"column":9},"end":{"line":124,"column":3}},"locations":[{"start":{"line":102,"column":9},"end":{"line":124,"column":3}}]},"11":{"type":"branch","line":104,"loc":{"start":{"line":104,"column":37},"end":{"line":107,"column":5}},"locations":[{"start":{"line":104,"column":37},"end":{"line":107,"column":5}}]},"12":{"type":"branch","line":108,"loc":{"start":{"line":108,"column":-1},"end":{"line":110,"column":36}},"locations":[{"start":{"line":108,"column":-1},"end":{"line":110,"column":36}}]},"13":{"type":"branch","line":110,"loc":{"start":{"line":110,"column":36},"end":{"line":118,"column":5}},"locations":[{"start":{"line":110,"column":36},"end":{"line":118,"column":5}}]},"14":{"type":"branch","line":115,"loc":{"start":{"line":115,"column":10},"end":{"line":115,"column":28}},"locations":[{"start":{"line":115,"column":10},"end":{"line":115,"column":28}}]},"15":{"type":"branch","line":116,"loc":{"start":{"line":116,"column":10},"end":{"line":116,"column":30}},"locations":[{"start":{"line":116,"column":10},"end":{"line":116,"column":30}}]},"16":{"type":"branch","line":119,"loc":{"start":{"line":119,"column":-1},"end":{"line":124,"column":3}},"locations":[{"start":{"line":119,"column":-1},"end":{"line":124,"column":3}}]}},"b":{"0":[5],"1":[3],"2":[2],"3":[1],"4":[5],"5":[4],"6":[2],"7":[1],"8":[3],"9":[1],"10":[11],"11":[4],"12":[7],"13":[5],"14":[4],"15":[1],"16":[2]},"fnMap":{"0":{"name":"get","decl":{"start":{"line":126,"column":9},"end":{"line":126,"column":16}},"loc":{"start":{"line":126,"column":9},"end":{"line":126,"column":16}},"line":126},"1":{"name":"get","decl":{"start":{"line":126,"column":18},"end":{"line":126,"column":28}},"loc":{"start":{"line":126,"column":18},"end":{"line":126,"column":28}},"line":126},"2":{"name":"get","decl":{"start":{"line":126,"column":30},"end":{"line":126,"column":37}},"loc":{"start":{"line":126,"column":30},"end":{"line":126,"column":37}},"line":126},"3":{"name":"get","decl":{"start":{"line":126,"column":58},"end":{"line":126,"column":71}},"loc":{"start":{"line":126,"column":58},"end":{"line":126,"column":71}},"line":126},"4":{"name":"get","decl":{"start":{"line":126,"column":39},"end":{"line":126,"column":56}},"loc":{"start":{"line":126,"column":39},"end":{"line":126,"column":56}},"line":126},"5":{"name":"Service","decl":{"start":{"line":31,"column":2},"end":{"line":34,"column":6}},"loc":{"start":{"line":31,"column":2},"end":{"line":34,"column":6}},"line":31},"6":{"name":"encrypt","decl":{"start":{"line":44,"column":9},"end":{"line":60,"column":3}},"loc":{"start":{"line":44,"column":9},"end":{"line":60,"column":3}},"line":44},"7":{"name":"decrypt","decl":{"start":{"line":69,"column":9},"end":{"line":89,"column":3}},"loc":{"start":{"line":69,"column":9},"end":{"line":89,"column":3}},"line":69},"8":{"name":"equals","decl":{"start":{"line":102,"column":9},"end":{"line":124,"column":3}},"loc":{"start":{"line":102,"column":9},"end":{"line":124,"column":3}},"line":102}},"f":{"0":0,"1":0,"2":0,"3":0,"4":0,"5":5,"6":3,"7":5,"8":11}}
,"/home/runner/Ts256k1/src/lib/decrypt.ts": {"path":"/home/runner/Ts256k1/src/lib/decrypt.ts","all":false,"statementMap":{"0":{"start":{"line":1,"column":0},"end":{"line":1,"column":61}},"1":{"start":{"line":2,"column":0},"end":{"line":2,"column":77}},"2":{"start":{"line":3,"column":0},"end":{"line":3,"column":0}},"3":{"start":{"line":4,"column":0},"end":{"line":4,"column":41}},"4":{"start":{"line":5,"column":0},"end":{"line":5,"column":39}},"5":{"start":{"line":6,"column":0},"end":{"line":6,"column":0}},"6":{"start":{"line":7,"column":0},"end":{"line":7,"column":3}},"7":{"start":{"line":8,"column":0},"end":{"line":8,"column":32}},"8":{"start":{"line":9,"column":0},"end":{"line":9,"column":67}},"9":{"start":{"line":10,"column":0},"end":{"line":10,"column":65}},"10":{"start":{"line":11,"column":0},"end":{"line":11,"column":3}},"11":{"start":{"line":12,"column":0},"end":{"line":12,"column":44}},"12":{"start":{"line":13,"column":0},"end":{"line":13,"column":23}},"13":{"start":{"line":14,"column":0},"end":{"line":14,"column":28}},"14":{"start":{"line":15,"column":0},"end":{"line":15,"column":1}},"15":{"start":{"line":16,"column":0},"end":{"line":16,"column":0}},"16":{"start":{"line":17,"column":0},"end":{"line":17,"column":3}},"17":{"start":{"line":18,"column":0},"end":{"line":18,"column":28}},"18":{"start":{"line":19,"column":0},"end":{"line":19,"column":61}},"19":{"start":{"line":20,"column":0},"end":{"line":20,"column":61}},"20":{"start":{"line":21,"column":0},"end":{"line":21,"column":3}},"21":{"start":{"line":22,"column":0},"end":{"line":22,"column":40}},"22":{"start":{"line":23,"column":0},"end":{"line":23,"column":17}},"23":{"start":{"line":24,"column":0},"end":{"line":24,"column":24}},"24":{"start":{"line":25,"column":0},"end":{"line":25,"column":1}},"25":{"start":{"line":26,"column":0},"end":{"line":26,"column":3}},"26":{"start":{"line":27,"column":0},"end":{"line":27,"column":61}},"27":{"start":{"line":28,"column":0},"end":{"line":28,"column":25}},"28":{"start":{"line":29,"column":0},"end":{"line":29,"column":58}},"29":{"start":{"line":30,"column":0},"end":{"line":30,"column":82}},"30":{"start":{"line":31,"column":0},"end":{"line":31,"column":3}},"31":{"start":{"line":32,"column":0},"end":{"line":32,"column":0}},"32":{"start":{"line":33,"column":0},"end":{"line":33,"column":55}},"33":{"start":{"line":34,"column":0},"end":{"line":34,"column":19}},"34":{"start":{"line":35,"column":0},"end":{"line":35,"column":17}},"35":{"start":{"line":36,"column":0},"end":{"line":36,"column":23}},"36":{"start":{"line":37,"column":0},"end":{"line":37,"column":3}},"37":{"start":{"line":38,"column":0},"end":{"line":38,"column":24}},"38":{"start":{"line":39,"column":0},"end":{"line":39,"column":66}},"39":{"start":{"line":40,"column":0},"end":{"line":40,"column":0}},"40":{"start":{"line":41,"column":0},"end":{"line":41,"column":70}},"41":{"start":{"line":42,"column":0},"end":{"line":42,"column":73}},"42":{"start":{"line":43,"column":0},"end":{"line":43,"column":34}},"43":{"start":{"line":44,"column":0},"end":{"line":44,"column":38}},"44":{"start":{"line":45,"column":0},"end":{"line":45,"column":18}},"45":{"start":{"line":46,"column":0},"end":{"line":46,"column":3}},"46":{"start":{"line":47,"column":0},"end":{"line":47,"column":55}},"47":{"start":{"line":48,"column":0},"end":{"line":48,"column":0}},"48":{"start":{"line":49,"column":0},"end":{"line":49,"column":34}},"49":{"start":{"line":50,"column":0},"end":{"line":50,"column":1}},"50":{"start":{"line":51,"column":0},"end":{"line":51,"column":3}},"51":{"start":{"line":52,"column":0},"end":{"line":52,"column":50}},"52":{"start":{"line":53,"column":0},"end":{"line":53,"column":2}},"53":{"start":{"line":54,"column":0},"end":{"line":54,"column":106}},"54":{"start":{"line":55,"column":0},"end":{"line":55,"column":99}},"55":{"start":{"line":56,"column":0},"end":{"line":56,"column":2}},"56":{"start":{"line":57,"column":0},"end":{"line":57,"column":21}},"57":{"start":{"line":58,"column":0},"end":{"line":58,"column":67}},"58":{"start":{"line":59,"column":0},"end":{"line":59,"column":106}},"59":{"start":{"line":60,"column":0},"end":{"line":60,"column":49}},"60":{"start":{"line":61,"column":0},"end":{"line":61,"column":3}},"61":{"start":{"line":62,"column":0},"end":{"line":62,"column":22}},"62":{"start":{"line":63,"column":0},"end":{"line":63,"column":79}},"63":{"start":{"line":64,"column":0},"end":{"line":64,"column":46}},"64":{"start":{"line":65,"column":0},"end":{"line":65,"column":60}},"65":{"start":{"line":66,"column":0},"end":{"line":66,"column":0}},"66":{"start":{"line":67,"column":0},"end":{"line":67,"column":40}},"67":{"start":{"line":68,"column":0},"end":{"line":68,"column":40}},"68":{"start":{"line":69,"column":0},"end":{"line":69,"column":0}},"69":{"start":{"line":70,"column":0},"end":{"line":70,"column":42}},"70":{"start":{"line":71,"column":0},"end":{"line":71,"column":46}},"71":{"start":{"line":72,"column":0},"end":{"line":72,"column":0}},"72":{"start":{"line":73,"column":0},"end":{"line":73,"column":35}},"73":{"start":{"line":74,"column":0},"end":{"line":74,"column":48}},"74":{"start":{"line":75,"column":0},"end":{"line":75,"column":25}},"75":{"start":{"line":76,"column":0},"end":{"line":76,"column":0}},"76":{"start":{"line":77,"column":0},"end":{"line":77,"column":24}},"77":{"start":{"line":78,"column":0},"end":{"line":78,"column":37}},"78":{"start":{"line":79,"column":0},"end":{"line":79,"column":11}},"79":{"start":{"line":80,"column":0},"end":{"line":80,"column":40}},"80":{"start":{"line":81,"column":0},"end":{"line":81,"column":3}},"81":{"start":{"line":82,"column":0},"end":{"line":82,"column":0}},"82":{"start":{"line":83,"column":0},"end":{"line":83,"column":18}},"83":{"start":{"line":84,"column":0},"end":{"line":84,"column":1}},"84":{"start":{"line":85,"column":0},"end":{"line":85,"column":0}},"85":{"start":{"line":86,"column":0},"end":{"line":86,"column":3}},"86":{"start":{"line":87,"column":0},"end":{"line":87,"column":50}},"87":{"start":{"line":88,"column":0},"end":{"line":88,"column":2}},"88":{"start":{"line":89,"column":0},"end":{"line":89,"column":111}},"89":{"start":{"line":90,"column":0},"end":{"line":90,"column":110}},"90":{"start":{"line":91,"column":0},"end":{"line":91,"column":87}},"91":{"start":{"line":92,"column":0},"end":{"line":92,"column":2}},"92":{"start":{"line":93,"column":0},"end":{"line":93,"column":20}},"93":{"start":{"line":94,"column":0},"end":{"line":94,"column":140}},"94":{"start":{"line":95,"column":0},"end":{"line":95,"column":102}},"95":{"start":{"line":96,"column":0},"end":{"line":96,"column":45}},"96":{"start":{"line":97,"column":0},"end":{"line":97,"column":2}},"97":{"start":{"line":98,"column":0},"end":{"line":98,"column":11}},"98":{"start":{"line":99,"column":0},"end":{"line":99,"column":65}},"99":{"start":{"line":100,"column":0},"end":{"line":100,"column":58}},"100":{"start":{"line":101,"column":0},"end":{"line":101,"column":66}},"101":{"start":{"line":102,"column":0},"end":{"line":102,"column":50}},"102":{"start":{"line":103,"column":0},"end":{"line":103,"column":3}},"103":{"start":{"line":104,"column":0},"end":{"line":104,"column":64}},"104":{"start":{"line":105,"column":0},"end":{"line":105,"column":29}},"105":{"start":{"line":106,"column":0},"end":{"line":106,"column":33}},"106":{"start":{"line":107,"column":0},"end":{"line":107,"column":31}},"107":{"start":{"line":108,"column":0},"end":{"line":108,"column":35}},"108":{"start":{"line":109,"column":0},"end":{"line":109,"column":0}},"109":{"start":{"line":110,"column":0},"end":{"line":110,"column":40}},"110":{"start":{"line":111,"column":0},"end":{"line":111,"column":69}},"111":{"start":{"line":112,"column":0},"end":{"line":112,"column":39}},"112":{"start":{"line":113,"column":0},"end":{"line":113,"column":58}},"113":{"start":{"line":114,"column":0},"end":{"line":114,"column":56}},"114":{"start":{"line":115,"column":0},"end":{"line":115,"column":28}},"115":{"start":{"line":116,"column":0},"end":{"line":116,"column":47}},"116":{"start":{"line":117,"column":0},"end":{"line":117,"column":1}},"117":{"start":{"line":118,"column":0},"end":{"line":118,"column":0}},"118":{"start":{"line":119,"column":0},"end":{"line":119,"column":3}},"119":{"start":{"line":120,"column":0},"end":{"line":120,"column":82}},"120":{"start":{"line":121,"column":0},"end":{"line":121,"column":2}},"121":{"start":{"line":122,"column":0},"end":{"line":122,"column":102}},"122":{"start":{"line":123,"column":0},"end":{"line":123,"column":121}},"123":{"start":{"line":124,"column":0},"end":{"line":124,"column":2}},"124":{"start":{"line":125,"column":0},"end":{"line":125,"column":25}},"125":{"start":{"line":126,"column":0},"end":{"line":126,"column":122}},"126":{"start":{"line":127,"column":0},"end":{"line":127,"column":72}},"127":{"start":{"line":128,"column":0},"end":{"line":128,"column":3}},"128":{"start":{"line":129,"column":0},"end":{"line":129,"column":40}},"129":{"start":{"line":130,"column":0},"end":{"line":130,"column":82}},"130":{"start":{"line":131,"column":0},"end":{"line":131,"column":35}},"131":{"start":{"line":132,"column":0},"end":{"line":132,"column":43}},"132":{"start":{"line":133,"column":0},"end":{"line":133,"column":45}},"133":{"start":{"line":134,"column":0},"end":{"line":134,"column":1}},"134":{"start":{"line":135,"column":0},"end":{"line":135,"column":0}},"135":{"start":{"line":136,"column":0},"end":{"line":136,"column":3}},"136":{"start":{"line":137,"column":0},"end":{"line":137,"column":91}},"137":{"start":{"line":138,"column":0},"end":{"line":138,"column":31}},"138":{"start":{"line":139,"column":0},"end":{"line":139,"column":73}},"139":{"start":{"line":140,"column":0},"end":{"line":140,"column":96}},"140":{"start":{"line":141,"column":0},"end":{"line":141,"column":3}},"141":{"start":{"line":142,"column":0},"end":{"line":142,"column":34}},"142":{"start":{"line":143,"column":0},"end":{"line":143,"column":28}},"143":{"start":{"line":144,"column":0},"end":{"line":144,"column":22}},"144":{"start":{"line":145,"column":0},"end":{"line":145,"column":68}},"145":{"start":{"line":146,"column":0},"end":{"line":146,"column":70}},"146":{"start":{"line":147,"column":0},"end":{"line":147,"column":0}},"147":{"start":{"line":148,"column":0},"end":{"line":148,"column":10}},"148":{"start":{"line":149,"column":0},"end":{"line":149,"column":20}},"149":{"start":{"line":150,"column":0},"end":{"line":150,"column":30}},"150":{"start":{"line":151,"column":0},"end":{"line":151,"column":3}},"151":{"start":{"line":152,"column":0},"end":{"line":152,"column":1}},"152":{"start":{"line":153,"column":0},"end":{"line":153,"column":0}},"153":{"start":{"line":154,"column":0},"end":{"line":154,"column":3}},"154":{"start":{"line":155,"column":0},"end":{"line":155,"column":76}},"155":{"start":{"line":156,"column":0},"end":{"line":156,"column":26}},"156":{"start":{"line":157,"column":0},"end":{"line":157,"column":89}},"157":{"start":{"line":158,"column":0},"end":{"line":158,"column":135}},"158":{"start":{"line":159,"column":0},"end":{"line":159,"column":114}},"159":{"start":{"line":160,"column":0},"end":{"line":160,"column":3}},"160":{"start":{"line":161,"column":0},"end":{"line":161,"column":30}},"161":{"start":{"line":162,"column":0},"end":{"line":162,"column":33}},"162":{"start":{"line":163,"column":0},"end":{"line":163,"column":16}},"163":{"start":{"line":164,"column":0},"end":{"line":164,"column":18}},"164":{"start":{"line":165,"column":0},"end":{"line":165,"column":51}},"165":{"start":{"line":166,"column":0},"end":{"line":166,"column":43}},"166":{"start":{"line":167,"column":0},"end":{"line":167,"column":62}},"167":{"start":{"line":168,"column":0},"end":{"line":168,"column":24}},"168":{"start":{"line":169,"column":0},"end":{"line":169,"column":19}},"169":{"start":{"line":170,"column":0},"end":{"line":170,"column":4}},"170":{"start":{"line":171,"column":0},"end":{"line":171,"column":0}},"171":{"start":{"line":172,"column":0},"end":{"line":172,"column":10}},"172":{"start":{"line":173,"column":0},"end":{"line":173,"column":19}},"173":{"start":{"line":174,"column":0},"end":{"line":174,"column":31}},"174":{"start":{"line":175,"column":0},"end":{"line":175,"column":3}},"175":{"start":{"line":176,"column":0},"end":{"line":176,"column":1}}},"s":{"0":1,"1":1,"2":1,"3":1,"4":1,"5":1,"6":1,"7":1,"8":1,"9":1,"10":1,"11":1,"12":1,"13":1,"14":1,"15":1,"16":1,"17":1,"18":1,"19":1,"20":1,"21":1,"22":1,"23":1,"24":1,"25":1,"26":1,"27":1,"28":1,"29":1,"30":1,"31":1,"32":4,"33":4,"34":4,"35":4,"36":4,"37":4,"38":4,"39":4,"40":4,"41":4,"42":4,"43":4,"44":4,"45":4,"46":4,"47":4,"48":4,"49":4,"50":1,"51":1,"52":1,"53":1,"54":1,"55":1,"56":1,"57":1,"58":1,"59":1,"60":1,"61":1,"62":3,"63":3,"64":3,"65":3,"66":3,"67":3,"68":3,"69":3,"70":3,"71":3,"72":3,"73":3,"74":3,"75":3,"76":3,"77":3,"78":3,"79":3,"80":3,"81":3,"82":3,"83":3,"84":1,"85":1,"86":1,"87":1,"88":1,"89":1,"90":1,"91":1,"92":1,"93":1,"94":1,"95":1,"96":1,"97":1,"98":1,"99":1,"100":1,"101":1,"102":1,"103":3,"104":3,"105":3,"106":3,"107":3,"108":3,"109":3,"110":3,"111":3,"112":3,"113":3,"114":3,"115":3,"116":3,"117":1,"118":1,"119":1,"120":1,"121":1,"122":1,"123":1,"124":1,"125":1,"126":1,"127":1,"128":3,"129":3,"130":3,"131":3,"132":3,"133":3,"134":1,"135":1,"136":1,"137":1,"138":1,"139":1,"140":1,"141":3,"142":3,"143":3,"144":3,"145":3,"146":3,"147":3,"148":3,"149":3,"150":3,"151":3,"152":1,"153":1,"154":1,"155":1,"156":1,"157":1,"158":1,"159":1,"160":2,"161":2,"162":2,"163":2,"164":2,"165":2,"166":2,"167":2,"168":2,"169":2,"170":2,"171":2,"172":2,"173":2,"174":2,"175":2},"branchMap":{"0":{"type":"branch","line":33,"loc":{"start":{"line":33,"column":0},"end":{"line":50,"column":1}},"locations":[{"start":{"line":33,"column":0},"end":{"line":50,"column":1}}]},"1":{"type":"branch","line":63,"loc":{"start":{"line":63,"column":0},"end":{"line":84,"column":1}},"locations":[{"start":{"line":63,"column":0},"end":{"line":84,"column":1}}]},"2":{"type":"branch","line":104,"loc":{"start":{"line":104,"column":0},"end":{"line":117,"column":1}},"locations":[{"start":{"line":104,"column":0},"end":{"line":117,"column":1}}]},"3":{"type":"branch","line":107,"loc":{"start":{"line":107,"column":6},"end":{"line":107,"column":31}},"locations":[{"start":{"line":107,"column":6},"end":{"line":107,"column":31}}]},"4":{"type":"branch","line":108,"loc":{"start":{"line":108,"column":6},"end":{"line":108,"column":35}},"locations":[{"start":{"line":108,"column":6},"end":{"line":108,"column":35}}]},"5":{"type":"branch","line":129,"loc":{"start":{"line":129,"column":0},"end":{"line":134,"column":1}},"locations":[{"start":{"line":129,"column":0},"end":{"line":134,"column":1}}]},"6":{"type":"branch","line":132,"loc":{"start":{"line":132,"column":4},"end":{"line":132,"column":43}},"locations":[{"start":{"line":132,"column":4},"end":{"line":132,"column":43}}]},"7":{"type":"branch","line":133,"loc":{"start":{"line":133,"column":4},"end":{"line":133,"column":45}},"locations":[{"start":{"line":133,"column":4},"end":{"line":133,"column":45}}]},"8":{"type":"branch","line":142,"loc":{"start":{"line":142,"column":0},"end":{"line":152,"column":1}},"locations":[{"start":{"line":142,"column":0},"end":{"line":152,"column":1}}]},"9":{"type":"branch","line":161,"loc":{"start":{"line":161,"column":0},"end":{"line":176,"column":1}},"locations":[{"start":{"line":161,"column":0},"end":{"line":176,"column":1}}]}},"b":{"0":[4],"1":[3],"2":[3],"3":[1],"4":[2],"5":[3],"6":[1],"7":[2],"8":[3],"9":[2]},"fnMap":{"0":{"name":"extractParts","decl":{"start":{"line":33,"column":0},"end":{"line":50,"column":1}},"loc":{"start":{"line":33,"column":0},"end":{"line":50,"column":1}},"line":33},"1":{"name":"_decrypt","decl":{"start":{"line":63,"column":0},"end":{"line":84,"column":1}},"loc":{"start":{"line":63,"column":0},"end":{"line":84,"column":1}},"line":63},"2":{"name":"decrypt","decl":{"start":{"line":104,"column":0},"end":{"line":117,"column":1}},"loc":{"start":{"line":104,"column":0},"end":{"line":117,"column":1}},"line":104},"3":{"name":"isCompressed","decl":{"start":{"line":129,"column":0},"end":{"line":134,"column":1}},"loc":{"start":{"line":129,"column":0},"end":{"line":134,"column":1}},"line":129},"4":{"name":"decodeSignMessage","decl":{"start":{"line":142,"column":0},"end":{"line":152,"column":1}},"loc":{"start":{"line":142,"column":0},"end":{"line":152,"column":1}},"line":142},"5":{"name":"verifyMessage","decl":{"start":{"line":161,"column":0},"end":{"line":176,"column":1}},"loc":{"start":{"line":161,"column":0},"end":{"line":176,"column":1}},"line":161}},"f":{"0":4,"1":3,"2":3,"3":3,"4":3,"5":2}}
,"/home/runner/Ts256k1/src/lib/encrypt.ts": {"path":"/home/runner/Ts256k1/src/lib/encrypt.ts","all":false,"statementMap":{"0":{"start":{"line":1,"column":0},"end":{"line":1,"column":74}},"1":{"start":{"line":2,"column":0},"end":{"line":2,"column":77}},"2":{"start":{"line":3,"column":0},"end":{"line":3,"column":0}},"3":{"start":{"line":4,"column":0},"end":{"line":4,"column":41}},"4":{"start":{"line":5,"column":0},"end":{"line":5,"column":39}},"5":{"start":{"line":6,"column":0},"end":{"line":6,"column":0}},"6":{"start":{"line":7,"column":0},"end":{"line":7,"column":3}},"7":{"start":{"line":8,"column":0},"end":{"line":8,"column":49}},"8":{"start":{"line":9,"column":0},"end":{"line":9,"column":2}},"9":{"start":{"line":10,"column":0},"end":{"line":10,"column":21}},"10":{"start":{"line":11,"column":0},"end":{"line":11,"column":66}},"11":{"start":{"line":12,"column":0},"end":{"line":12,"column":58}},"12":{"start":{"line":13,"column":0},"end":{"line":13,"column":117}},"13":{"start":{"line":14,"column":0},"end":{"line":14,"column":3}},"14":{"start":{"line":15,"column":0},"end":{"line":15,"column":78}},"15":{"start":{"line":16,"column":0},"end":{"line":16,"column":39}},"16":{"start":{"line":17,"column":0},"end":{"line":17,"column":74}},"17":{"start":{"line":18,"column":0},"end":{"line":18,"column":0}},"18":{"start":{"line":19,"column":0},"end":{"line":19,"column":38}},"19":{"start":{"line":20,"column":0},"end":{"line":20,"column":38}},"20":{"start":{"line":21,"column":0},"end":{"line":21,"column":0}},"21":{"start":{"line":22,"column":0},"end":{"line":22,"column":58}},"22":{"start":{"line":23,"column":0},"end":{"line":23,"column":78}},"23":{"start":{"line":24,"column":0},"end":{"line":24,"column":0}},"24":{"start":{"line":25,"column":0},"end":{"line":25,"column":38}},"25":{"start":{"line":26,"column":0},"end":{"line":26,"column":26}},"26":{"start":{"line":27,"column":0},"end":{"line":27,"column":0}},"27":{"start":{"line":28,"column":0},"end":{"line":28,"column":24}},"28":{"start":{"line":29,"column":0},"end":{"line":29,"column":79}},"29":{"start":{"line":30,"column":0},"end":{"line":30,"column":0}},"30":{"start":{"line":31,"column":0},"end":{"line":31,"column":42}},"31":{"start":{"line":32,"column":0},"end":{"line":32,"column":38}},"32":{"start":{"line":33,"column":0},"end":{"line":33,"column":6}},"33":{"start":{"line":34,"column":0},"end":{"line":34,"column":48}},"34":{"start":{"line":35,"column":0},"end":{"line":35,"column":3}},"35":{"start":{"line":36,"column":0},"end":{"line":36,"column":77}},"36":{"start":{"line":37,"column":0},"end":{"line":37,"column":43}},"37":{"start":{"line":38,"column":0},"end":{"line":38,"column":1}},"38":{"start":{"line":39,"column":0},"end":{"line":39,"column":0}},"39":{"start":{"line":40,"column":0},"end":{"line":40,"column":3}},"40":{"start":{"line":41,"column":0},"end":{"line":41,"column":49}},"41":{"start":{"line":42,"column":0},"end":{"line":42,"column":2}},"42":{"start":{"line":43,"column":0},"end":{"line":43,"column":110}},"43":{"start":{"line":44,"column":0},"end":{"line":44,"column":112}},"44":{"start":{"line":45,"column":0},"end":{"line":45,"column":113}},"45":{"start":{"line":46,"column":0},"end":{"line":46,"column":2}},"46":{"start":{"line":47,"column":0},"end":{"line":47,"column":20}},"47":{"start":{"line":48,"column":0},"end":{"line":48,"column":139}},"48":{"start":{"line":49,"column":0},"end":{"line":49,"column":52}},"49":{"start":{"line":50,"column":0},"end":{"line":50,"column":150}},"50":{"start":{"line":51,"column":0},"end":{"line":51,"column":2}},"51":{"start":{"line":52,"column":0},"end":{"line":52,"column":11}},"52":{"start":{"line":53,"column":0},"end":{"line":53,"column":63}},"53":{"start":{"line":54,"column":0},"end":{"line":54,"column":40}},"54":{"start":{"line":55,"column":0},"end":{"line":55,"column":56}},"55":{"start":{"line":56,"column":0},"end":{"line":56,"column":49}},"56":{"start":{"line":57,"column":0},"end":{"line":57,"column":3}},"57":{"start":{"line":58,"column":0},"end":{"line":58,"column":64}},"58":{"start":{"line":59,"column":0},"end":{"line":59,"column":46}},"59":{"start":{"line":60,"column":0},"end":{"line":60,"column":0}},"60":{"start":{"line":61,"column":0},"end":{"line":61,"column":20}},"61":{"start":{"line":62,"column":0},"end":{"line":62,"column":33}},"62":{"start":{"line":63,"column":0},"end":{"line":63,"column":30}},"63":{"start":{"line":64,"column":0},"end":{"line":64,"column":34}},"64":{"start":{"line":65,"column":0},"end":{"line":65,"column":0}},"65":{"start":{"line":66,"column":0},"end":{"line":66,"column":58}},"66":{"start":{"line":67,
[...]
:{"start":{"line":18,"column":29},"end":{"line":21,"column":1}},"locations":[{"start":{"line":18,"column":29},"end":{"line":21,"column":1}}]},"6":{"type":"branch","line":22,"loc":{"start":{"line":22,"column":28},"end":{"line":25,"column":1}},"locations":[{"start":{"line":22,"column":28},"end":{"line":25,"column":1}}]},"7":{"type":"branch","line":26,"loc":{"start":{"line":26,"column":28},"end":{"line":29,"column":1}},"locations":[{"start":{"line":26,"column":28},"end":{"line":29,"column":1}}]},"8":{"type":"branch","line":30,"loc":{"start":{"line":30,"column":29},"end":{"line":33,"column":1}},"locations":[{"start":{"line":30,"column":29},"end":{"line":33,"column":1}}]},"9":{"type":"branch","line":34,"loc":{"start":{"line":34,"column":29},"end":{"line":37,"column":1}},"locations":[{"start":{"line":34,"column":29},"end":{"line":37,"column":1}}]},"10":{"type":"branch","line":38,"loc":{"start":{"line":38,"column":27},"end":{"line":41,"column":1}},"locations":[{"start":{"line":38,"column":27},"end":{"line":41,"column":1}}]},"11":{"type":"branch","line":42,"loc":{"start":{"line":42,"column":27},"end":{"line":45,"column":1}},"locations":[{"start":{"line":42,"column":27},"end":{"line":45,"column":1}}]},"12":{"type":"branch","line":47,"loc":{"start":{"line":47,"column":24},"end":{"line":51,"column":1}},"locations":[{"start":{"line":47,"column":24},"end":{"line":51,"column":1}}]},"13":{"type":"branch","line":50,"loc":{"start":{"line":50,"column":29},"end":{"line":50,"column":53}},"locations":[{"start":{"line":50,"column":29},"end":{"line":50,"column":53}}]},"14":{"type":"branch","line":50,"loc":{"start":{"line":50,"column":54},"end":{"line":50,"column":68}},"locations":[{"start":{"line":50,"column":54},"end":{"line":50,"column":68}}]},"15":{"type":"branch","line":50,"loc":{"start":{"line":50,"column":69},"end":{"line":50,"column":74}},"locations":[{"start":{"line":50,"column":69},"end":{"line":50,"column":74}}]},"16":{"type":"branch","line":52,"loc":{"start":{"line":52,"column":25},"end":{"line":52,"column":79}},"locations":[{"start":{"line":52,"column":25},"end":{"line":52,"column":79}}]},"17":{"type":"branch","line":54,"loc":{"start":{"line":54,"column":0},"end":{"line":60,"column":1}},"locations":[{"start":{"line":54,"column":0},"end":{"line":60,"column":1}}]},"18":{"type":"branch","line":56,"loc":{"start":{"line":56,"column":27},"end":{"line":57,"column":23}},"locations":[{"start":{"line":56,"column":27},"end":{"line":57,"column":23}}]},"19":{"type":"branch","line":57,"loc":{"start":{"line":57,"column":23},"end":{"line":58,"column":79}},"locations":[{"start":{"line":57,"column":23},"end":{"line":58,"column":79}}]},"20":{"type":"branch","line":58,"loc":{"start":{"line":58,"column":14},"end":{"line":58,"column":39}},"locations":[{"start":{"line":58,"column":14},"end":{"line":58,"column":39}}]},"21":{"type":"branch","line":58,"loc":{"start":{"line":58,"column":39},"end":{"line":58,"column":78}},"locations":[{"start":{"line":58,"column":39},"end":{"line":58,"column":78}}]},"22":{"type":"branch","line":62,"loc":{"start":{"line":62,"column":0},"end":{"line":65,"column":1}},"locations":[{"start":{"line":62,"column":0},"end":{"line":65,"column":1}}]},"23":{"type":"branch","line":64,"loc":{"start":{"line":64,"column":4},"end":{"line":64,"column":76}},"locations":[{"start":{"line":64,"column":4},"end":{"line":64,"column":76}}]},"24":{"type":"branch","line":66,"loc":{"start":{"line":66,"column":0},"end":{"line":69,"column":1}},"locations":[{"start":{"line":66,"column":0},"end":{"line":69,"column":1}}]},"25":{"type":"branch","line":68,"loc":{"start":{"line":68,"column":4},"end":{"line":68,"column":70}},"locations":[{"start":{"line":68,"column":4},"end":{"line":68,"column":70}}]},"26":{"type":"branch","line":77,"loc":{"start":{"line":77,"column":0},"end":{"line":82,"column":1}},"locations":[{"start":{"line":77,"column":0},"end":{"line":82,"column":1}}]},"27":{"type":"branch","line":78,"loc":{"start":{"line":78,"column":22},"end":{"line":82,"column":1}},"locations":[{"start":{"line":78,"column":22},"end":{"line":82,"column":1}}]},"28":{"type":"branch","line":78,"loc":{"start":{"line":78,"column":22},"end":{"line":80,"column":3}},"locations":[{"start":{"line":78,"column":22},"end":{"line":80,"column":3}}]},"29":{"type":"branch","line":81,"loc":{"start":{"line":81,"column":-1},"end":{"line":82,"column":1}},"locations":[{"start":{"line":81,"column":-1},"end":{"line":82,"column":1}}]}},"b":{"0":[15],"1":[22],"2":[2],"3":[3],"4":[3],"5":[1],"6":[3],"7":[1],"8":[3],"9":[1],"10":[4],"11":[2],"12":[20],"13":[18],"14":[4],"15":[16],"16":[16],"17":[40],"18":[16],"19":[16],"20":[11],"21":[2],"22":[21],"23":[6],"24":[32],"25":[6],"26":[11],"27":[8],"28":[5],"29":[6]},"fnMap":{"0":{"name":"bytesToHex","decl":{"start":{"line":8,"column":26},"end":{"line":8,"column":65}},"loc":{"start":{"line":8,"column":26},"end":{"line":8,"column":65}},"line":8},"1":{"name":"hexToBytes","decl":{"start":{"line":9,"column":26},"end":{"line":9,"column":67}},"loc":{"start":{"line":9,"column":26},"end":{"line":9,"column":67}},"line":9},"2":{"name":"bytesToUtf8","decl":{"start":{"line":10,"column":27},"end":{"line":10,"column":67}},"loc":{"start":{"line":10,"column":27},"end":{"line":10,"column":67}},"line":10},"3":{"name":"utf8ToBytes","decl":{"start":{"line":11,"column":27},"end":{"line":11,"column":70}},"loc":{"start":{"line":11,"column":27},"end":{"line":11,"column":70}},"line":11},"4":{"name":"bytesToBase64","decl":{"start":{"line":14,"column":29},"end":{"line":17,"column":1}},"loc":{"start":{"line":14,"column":29},"end":{"line":17,"column":1}},"line":14},"5":{"name":"base64ToBytes","decl":{"start":{"line":18,"column":29},"end":{"line":21,"column":1}},"loc":{"start":{"line":18,"column":29},"end":{"line":21,"column":1}},"line":18},"6":{"name":"bytesToAscii","decl":{"start":{"line":22,"column":28},"end":{"line":25,"column":1}},"loc":{"start":{"line":22,"column":28},"end":{"line":25,"column":1}},"line":22},"7":{"name":"asciiToBytes","decl":{"start":{"line":26,"column":28},"end":{"line":29,"column":1}},"loc":{"start":{"line":26,"column":28},"end":{"line":29,"column":1}},"line":26},"8":{"name":"bytesToLatin1","decl":{"start":{"line":30,"column":29},"end":{"line":33,"column":1}},"loc":{"start":{"line":30,"column":29},"end":{"line":33,"column":1}},"line":30},"9":{"name":"latin1ToBytes","decl":{"start":{"line":34,"column":29},"end":{"line":37,"column":1}},"loc":{"start":{"line":34,"column":29},"end":{"line":37,"column":1}},"line":34},"10":{"name":"bytesToUcs2","decl":{"start":{"line":38,"column":27},"end":{"line":41,"column":1}},"loc":{"start":{"line":38,"column":27},"end":{"line":41,"column":1}},"line":38},"11":{"name":"ucs2ToBytes","decl":{"start":{"line":42,"column":27},"end":{"line":45,"column":1}},"loc":{"start":{"line":42,"column":27},"end":{"line":45,"column":1}},"line":42},"12":{"name":"remove0x","decl":{"start":{"line":47,"column":24},"end":{"line":51,"column":1}},"loc":{"start":{"line":47,"column":24},"end":{"line":51,"column":1}},"line":47},"13":{"name":"decodeHex","decl":{"start":{"line":52,"column":25},"end":{"line":52,"column":79}},"loc":{"start":{"line":52,"column":25},"end":{"line":52,"column":79}},"line":52},"14":{"name":"isBytes","decl":{"start":{"line":54,"column":0},"end":{"line":60,"column":1}},"loc":{"start":{"line":54,"column":0},"end":{"line":60,"column":1}},"line":54},"15":{"name":"abytes","decl":{"start":{"line":62,"column":0},"end":{"line":65,"column":1}},"loc":{"start":{"line":62,"column":0},"end":{"line":65,"column":1}},"line":62},"16":{"name":"isString","decl":{"start":{"line":66,"column":0},"end":{"line":69,"column":1}},"loc":{"start":{"line":66,"column":0},"end":{"line":69,"column":1}},"line":66},"17":{"name":"normalizeToUint8Array","decl":{"start":{"line":77,"column":0},"end":{"line":82,"column":1}},"loc":{"start":{"line":77,"column":0},"end":{"line":82,"column":1}},"line":77}},"f":{"0":15,"1":22,"2":2,"3":3,"4":3,"5":1,"6":3,"7":1,"8":3,"9":1,"10":4,"11":2,"12":20,"13":16,"14":40,"15":21,"16":32,"17":11}}
,"/home/runner/Ts256k1/src/utils/elliptic.ts": {"path":"/home/runner/Ts256k1/src/utils/elliptic.ts","all":false,"statementMap":{"0":{"start":{"line":1,"column":0},"end":{"line":1,"column":62}},"1":{"start":{"line":2,"column":0},"end":{"line":2,"column":0}},"2":{"start":{"line":3,"column":0},"end":{"line":3,"column":38}},"3":{"start":{"line":4,"column":0},"end":{"line":4,"column":0}},"4":{"start":{"line":5,"column":0},"end":{"line":5,"column":61}},"5":{"start":{"line":6,"column":0},"end":{"line":6,"column":55}},"6":{"start":{"line":7,"column":0},"end":{"line":7,"column":1}},"7":{"start":{"line":8,"column":0},"end":{"line":8,"column":29}},"8":{"start":{"line":9,"column":0},"end":{"line":9,"column":29}},"9":{"start":{"line":10,"column":0},"end":{"line":10,"column":25}},"10":{"start":{"line":11,"column":0},"end":{"line":11,"column":15}},"11":{"start":{"line":12,"column":0},"end":{"line":12,"column":62}},"12":{"start":{"line":13,"column":0},"end":{"line":13,"column":1}},"13":{"start":{"line":14,"column":0},"end":{"line":14,"column":0}},"14":{"start":{"line":15,"column":0},"end":{"line":15,"column":57}},"15":{"start":{"line":16,"column":0},"end":{"line":16,"column":32}},"16":{"start":{"line":17,"column":0},"end":{"line":17,"column":45}},"17":{"start":{"line":18,"column":0},"end":{"line":18,"column":58}},"18":{"start":{"line":19,"column":0},"end":{"line":19,"column":52}},"19":{"start":{"line":20,"column":0},"end":{"line":20,"column":21}},"20":{"start":{"line":21,"column":0},"end":{"line":21,"column":25}},"21":{"start":{"line":22,"column":0},"end":{"line":22,"column":0}},"22":{"start":{"line":23,"column":0},"end":{"line":23,"column":16}},"23":{"start":{"line":24,"column":0},"end":{"line":24,"column":3}},"24":{"start":{"line":25,"column":0},"end":{"line":25,"column":16}},"25":{"start":{"line":26,"column":0},"end":{"line":26,"column":1}}},"s":{"0":1,"1":1,"2":1,"3":1,"4":13,"5":13,"6":13,"7":12,"8":12,"9":12,"10":12,"11":12,"12":12,"13":1,"14":13,"15":13,"16":13,"17":13,"18":1,"19":1,"20":1,"21":1,"22":1,"23":1,"24":11,"25":11},"branchMap":{"0":{"type":"branch","line":5,"loc":{"start":{"line":5,"column":0},"end":{"line":7,"column":1}},"locations":[{"start":{"line":5,"column":0},"end":{"line":7,"column":1}}]},"1":{"type":"branch","line":8,"loc":{"start":{"line":8,"column":0},"end":{"line":13,"column":1}},"locations":[{"start":{"line":8,"column":0},"end":{"line":13,"column":1}}]},"2":{"type":"branch","line":15,"loc":{"start":{"line":15,"column":0},"end":{"line":26,"column":1}},"locations":[{"start":{"line":15,"column":0},"end":{"line":26,"column":1}}]},"3":{"type":"branch","line":18,"loc":{"start":{"line":18,"column":57},"end":{"line":24,"column":3}},"locations":[{"start":{"line":18,"column":57},"end":{"line":24,"column":3}}]},"4":{"type":"branch","line":25,"loc":{"start":{"line":25,"column":-1},"end":{"line":26,"column":1}},"locations":[{"start":{"line":25,"column":-1},"end":{"line":26,"column":1}}]}},"b":{"0":[13],"1":[12],"2":[13],"3":[1],"4":[11]},"fnMap":{"0":{"name":"combineKeys","decl":{"start":{"line":5,"column":0},"end":{"line":7,"column":1}},"loc":{"start":{"line":5,"column":0},"end":{"line":7,"column":1}},"line":5},"1":{"name":"getSharedKey","decl":{"start":{"line":8,"column":0},"end":{"line":13,"column":1}},"loc":{"start":{"line":8,"column":0},"end":{"line":13,"column":1}},"line":8},"2":{"name":"hexToPublicKey","decl":{"start":{"line":15,"column":0},"end":{"line":26,"column":1}},"loc":{"start":{"line":15,"column":0},"end":{"line":26,"column":1}},"line":15}},"f":{"0":13,"1":12,"2":13}}
,"/home/runner/Ts256k1/src/utils/index.ts": {"path":"/home/runner/Ts256k1/src/utils/index.ts","all":false,"statementMap":{"0":{"start":{"line":1,"column":0},"end":{"line":1,"column":8}},"1":{"start":{"line":2,"column":0},"end":{"line":2,"column":12}},"2":{"start":{"line":3,"column":0},"end":{"line":3,"column":14}},"3":{"start":{"line":4,"column":0},"end":{"line":4,"column":14}},"4":{"start":{"line":5,"column":0},"end":{"line":5,"column":7}},"5":{"start":{"line":6,"column":0},"end":{"line":6,"column":18}},"6":{"start":{"line":7,"column":0},"end":{"line":7,"column":9}},"7":{"start":{"line":8,"column":0},"end":{"line":8,"column":13}},"8":{"start":{"line":9,"column":0},"end":{"line":9,"column":16}},"9":{"start":{"line":10,"column":0},"end":{"line":10,"column":26}},"10":{"start":{"line":11,"column":0},"end":{"line":11,"column":23}}},"s":{"0":1,"1":1,"2":1,"3":1,"4":1,"5":1,"6":1,"7":1,"8":1,"9":1,"10":1},"branchMap":{"0":{"type":"branch","line":2,"loc":{"start":{"line":2,"column":2},"end":{"line":2,"column":12}},"locations":[{"start":{"line":2,"column":2},"end":{"line":2,"column":12}}]},"1":{"type":"branch","line":3,"loc":{"start":{"line":3,"column":2},"end":{"line":3,"column":14}},"locations":[{"start":{"line":3,"column":2},"end":{"line":3,"column":14}}]},"2":{"type":"branch","line":4,"loc":{"start":{"line":4,"column":2},"end":{"line":4,"column":14}},"locations":[{"start":{"line":4,"column":2},"end":{"line":4,"column":14}}]},"3":{"type":"branch","line":5,"loc":{"start":{"line":5,"column":2},"end":{"line":5,"column":7}},"locations":[{"start":{"line":5,"column":2},"end":{"line":5,"column":7}}]},"4":{"type":"branch","line":6,"loc":{"start":{"line":6,"column":2},"end":{"line":6,"column":17}},"locations":[{"start":{"line":6,"column":2},"end":{"line":6,"column":17}}]},"5":{"type":"branch","line":7,"loc":{"start":{"line":7,"column":2},"end":{"line":7,"column":9}},"locations":[{"start":{"line":7,"column":2},"end":{"line":7,"column":9}}]},"6":{"type":"branch","line":8,"loc":{"start":{"line":8,"column":2},"end":{"line":8,"column":13}},"locations":[{"start":{"line":8,"column":2},"end":{"line":8,"column":13}}]}},"b":{"0":[13],"1":[33],"2":[37],"3":[13],"4":[69],"5":[15],"6":[9]},"fnMap":{"0":{"name":"get","decl":{"start":{"line":2,"column":2},"end":{"line":2,"column":12}},"loc":{"start":{"line":2,"column":2},"end":{"line":2,"column":12}},"line":2},"1":{"name":"get","decl":{"start":{"line":3,"column":2},"end":{"line":3,"column":14}},"loc":{"start":{"line":3,"column":2},"end":{"line":3,"column":14}},"line":3},"2":{"name":"get","decl":{"start":{"line":4,"column":2},"end":{"line":4,"column":14}},"loc":{"start":{"line":4,"column":2},"end":{"line":4,"column":14}},"line":4},"3":{"name":"get","decl":{"start":{"line":5,"column":2},"end":{"line":5,"column":7}},"loc":{"start":{"line":5,"column":2},"end":{"line":5,"column":7}},"line":5},"4":{"name":"get","decl":{"start":{"line":6,"column":2},"end":{"line":6,"column":17}},"loc":{"start":{"line":6,"column":2},"end":{"line":6,"column":17}},"line":6},"5":{"name":"get","decl":{"start":{"line":7,"column":2},"end":{"line":7,"column":9}},"loc":{"start":{"line":7,"column":2},"end":{"line":7,"column":9}},"line":7},"6":{"name":"get","decl":{"start":{"line":8,"column":2},"end":{"line":8,"column":13}},"loc":{"start":{"line":8,"column":2},"end":{"line":8,"column":13}},"line":8}},"f":{"0":13,"1":33,"2":37,"3":13,"4":69,"5":15,"6":9}}
,"/home/runner/Ts256k1/src/utils/noble.ts": {"path":"/home/runner/Ts256k1/src/utils/noble.ts","all":false,"statementMap":{"0":{"start":{"line":1,"column":0},"end":{"line":1,"column":8}},"1":{"start":{"line":2,"column":0},"end":{"line":2,"column":14}},"2":{"start":{"line":3,"column":0},"end":{"line":3,"column":13}},"3":{"start":{"line":4,"column":0},"end":{"line":4,"column":13}},"4":{"start":{"line":5,"column":0},"end":{"line":5,"column":14}},"5":{"start":{"line":6,"column":0},"end":{"line":6,"column":14}},"6":{"start":{"line":7,"column":0},"end":{"line":7,"column":13}},"7":{"start":{"line":8,"column":0},"end":{"line":8,"column":29}},"8":{"start":{"line":9,"column":0},"end":{"line":9,"column":70}},"9":{"start":{"line":10,"column":0},"end":{"line":10,"column":54}},"10":{"start":{"line":11,"column":0},"end":{"line":11,"column":41}},"11":{"start":{"line":12,"column":0},"end":{"line":12,"column":51}},"12":{"start":{"line":13,"column":0},"end":{"line":13,"column":45}}},"s":{"0":1,"1":1,"2":1,"3":1,"4":1,"5":1,"6":1,"7":1,"8":1,"9":1,"10":1,"11":1,"12":1},"branchMap":{"0":{"type":"branch","line":2,"loc":{"start":{"line":2,"column":2},"end":{"line":2,"column":14}},"locations":[{"start":{"line":2,"column":2},"end":{"line":2,"column":14}}]},"1":{"type":"branch","line":3,"loc":{"start":{"line":3,"column":2},"end":{"line":3,"column":13}},"locations":[{"start":{"line":3,"column":2},"end":{"line":3,"column":13}}]},"2":{"type":"branch","line":4,"loc":{"start":{"line":4,"column":2},"end":{"line":4,"column":13}},"locations":[{"start":{"line":4,"column":2},"end":{"line":4,"column":13}}]},"3":{"type":"branch","line":5,"loc":{"start":{"line":5,"column":2},"end":{"line":5,"column":14}},"locations":[{"start":{"line":5,"column":2},"end":{"line":5,"column":14}}]},"4":{"type":"branch","line":6,"loc":{"start":{"line":6,"column":2},"end":{"line":6,"column":14}},"locations":[{"start":{"line":6,"column":2},"end":{"line":6,"column":14}}]},"5":{"type":"branch","line":7,"loc":{"start":{"line":7,"column":2},"end":{"line":7,"column":13}},"locations":[{"start":{"line":7,"column":2},"end":{"line":7,"column":13}}]},"6":{"type":"branch","line":9,"loc":{"start":{"line":9,"column":9},"end":{"line":9,"column":39}},"locations":[{"start":{"line":9,"column":9},"end":{"line":9,"column":39}}]},"7":{"type":"branch","line":10,"loc":{"start":{"line":10,"column":9},"end":{"line":10,"column":54}},"locations":[{"start":{"line":10,"column":9},"end":{"line":10,"column":54}}]},"8":{"type":"branch","line":11,"loc":{"start":{"line":11,"column":9},"end":{"line":11,"column":41}},"locations":[{"start":{"line":11,"column":9},"end":{"line":11,"column":41}}]},"9":{"type":"branch","line":12,"loc":{"start":{"line":12,"column":9},"end":{"line":12,"column":51}},"locations":[{"start":{"line":12,"column":9},"end":{"line":12,"column":51}}]},"10":{"type":"branch","line":13,"loc":{"start":{"line":13,"column":9},"end":{"line":13,"column":45}},"locations":[{"start":{"line":13,"column":9},"end":{"line":13,"column":45}}]}},"b":{"0":[33],"1":[15],"2":[22],"3":[2],"4":[3],"5":[9],"6":[13],"7":[37],"8":[13],"9":[69],"10":[15]},"fnMap":{"0":{"name":"get","decl":{"start":{"line":2,"column":2},"end":{"line":2,"column":14}},"loc":{"start":{"line":2,"column":2},"end":{"line":2,"column":14}},"line":2},"1":{"name":"get","decl":{"start":{"line":3,"column":2},"end":{"line":3,"column":13}},"loc":{"start":{"line":3,"column":2},"end":{"line":3,"column":13}},"line":3},"2":{"name":"get","decl":{"start":{"line":4,"column":2},"end":{"line":4,"column":13}},"loc":{"start":{"line":4,"column":2},"end":{"line":4,"column":13}},"line":4},"3":{"name":"get","decl":{"start":{"line":5,"column":2},"end":{"line":5,"column":14}},"loc":{"start":{"line":5,"column":2},"end":{"line":5,"column":14}},"line":5},"4":{"name":"get","decl":{"start":{"line":6,"column":2},"end":{"line":6,"column":14}},"loc":{"start":{"line":6,"column":2},"end":{"line":6,"column":14}},"line":6},"5":{"name":"get","decl":{"start":{"line":7,"column":2},"end":{"line":7,"column":13}},"loc":{"start":{"line":7,"column":2},"end":{"line":7,"column":13}},"line":7},"6":{"name":"get","decl":{"start":{"line":9,"column":9},"end":{"line":9,"column":39}},"loc":{"start":{"line":9,"column":9},"end":{"line":9,"column":39}},"line":9},"7":{"name":"get","decl":{"start":{"line":10,"column":9},"end":{"line":10,"column":54}},"loc":{"start":{"line":10,"column":9},"end":{"line":10,"column":54}},"line":10},"8":{"name":"get","decl":{"start":{"line":11,"column":9},"end":{"line":11,"column":41}},"loc":{"start":{"line":11,"column":9},"end":{"line":11,"column":41}},"line":11},"9":{"name":"get","decl":{"start":{"line":12,"column":9},"end":{"line":12,"column":51}},"loc":{"start":{"line":12,"column":9},"end":{"line":12,"column":51}},"line":12},"10":{"name":"get","decl":{"start":{"line":13,"column":9},"end":{"line":13,"column":45}},"loc":{"start":{"line":13,"column":9},"end":{"line":13,"column":45}},"line":13}},"f":{"0":33,"1":15,"2":22,"3":2,"4":3,"5":9,"6":13,"7":37,"8":13,"9":69,"10":15}}
}
