TN:
SF:ts256k1.config.cjs
FN:1,Object.<anonymous>
FNF:1
FNH:1
FNDA:4,Object.<anonymous>
DA:1,4
DA:2,4
DA:3,4
DA:4,4
DA:5,4
DA:6,4
DA:7,4
DA:8,4
DA:9,4
DA:10,4
LF:10
LH:10
BRDA:1,0,0,4
BRDA:1,1,0,4
BRF:2
BRH:2
end_of_record
TN:
SF:src/main.ts
FN:46,get
FN:46,get
FN:27,getKeyPairs
FN:36,Ts256k1
FNF:4
FNH:4
FNDA:12,get
FNDA:1,get
FNDA:3,getKeyPairs
FNDA:3,Ts256k1
DA:1,1
DA:2,1
DA:3,1
DA:4,1
DA:5,1
DA:6,1
DA:7,1
DA:8,1
DA:9,1
DA:10,1
DA:11,1
DA:12,1
DA:13,1
DA:14,1
DA:15,1
DA:16,1
DA:17,1
DA:18,1
DA:19,1
DA:20,1
DA:21,1
DA:22,1
DA:23,1
DA:24,1
DA:25,1
DA:26,1
DA:27,1
DA:28,3
DA:29,3
DA:30,1
DA:31,1
DA:32,1
DA:33,1
DA:34,1
DA:35,1
DA:36,1
DA:37,3
DA:38,3
DA:39,3
DA:40,3
DA:41,3
DA:42,3
DA:43,1
DA:44,1
DA:45,1
DA:46,1
LF:46
LH:46
BRDA:46,0,0,12
BRDA:46,1,0,1
BRDA:27,2,0,3
BRDA:36,3,0,3
BRF:4
BRH:4
end_of_record
TN:
SF:src/config/config.ts
FN:30,Config
FN:48,isHkdfKeyCompressed
FN:57,isEphemeralKeyCompressed
FN:64,signEnabled
FN:68,signThrowOnInvalid
FN:70,signErrorMessage
FN:72,signUseLowS
FNF:7
FNH:7
FNDA:4,Config
FNDA:5,isHkdfKeyCompressed
FNDA:5,isEphemeralKeyCompressed
FNDA:3,signEnabled
FNDA:2,signThrowOnInvalid
FNDA:1,signErrorMessage
FNDA:4,signUseLowS
DA:1,1
DA:2,1
DA:3,1
DA:4,1
DA:5,1
DA:6,1
DA:7,1
DA:8,1
DA:9,1
DA:10,1
DA:11,1
DA:12,1
DA:13,1
DA:14,1
DA:15,1
DA:16,1
DA:17,1
DA:18,1
DA:19,1
DA:20,1
DA:21,1
DA:22,1
DA:23,1
DA:24,1
DA:25,1
DA:26,1
DA:27,1
DA:28,1
DA:29,1
DA:30,1
DA:31,4
DA:32,4
DA:33,4
DA:34,4
DA:35,4
DA:36,4
DA:37,4
DA:38,1
DA:39,1
DA:40,1
DA:41,1
DA:42,1
DA:43,1
DA:44,1
DA:45,1
DA:46,1
DA:47,1
DA:48,1
DA:49,5
DA:50,1
DA:51,1
DA:52,1
DA:53,1
DA:54,1
DA:55,1
DA:56,1
DA:57,1
DA:58,5
DA:59,1
DA:60,1
DA:61,1
DA:62,1
DA:63,1
DA:64,1
DA:65,3
DA:66,1
DA:67,1
DA:68,1
DA:69,2
DA:70,1
DA:71,1
DA:72,1
DA:73,4
LF:73
LH:73
BRDA:30,0,0,4
BRDA:48,1,0,5
BRDA:57,2,0,5
BRDA:64,3,0,3
BRDA:68,4,0,2
BRDA:70,5,0,1
BRDA:72,6,0,4
BRF:7
BRH:7
end_of_record
TN:
SF:src/config/consts.ts
FNF:0
FNH:0
DA:1,1
DA:2,1
DA:3,1
DA:4,1
DA:5,1
DA:6,1
DA:7,1
DA:8,1
DA:9,1
LF:9
LH:9
BRF:0
BRH:0
end_of_record
TN:
SF:src/config/index.ts
FNF:0
FNH:0
DA:1,1
DA:2,1
LF:2
LH:2
BRF:0
BRH:0
end_of_record
TN:
SF:src/config/loadConfig.ts
FN:10,loadConfig
FNF:1
FNH:1
FNDA:6,loadConfig
DA:1,1
DA:2,1
DA:3,1
DA:4,1
DA:5,1
DA:6,1
DA:7,1
DA:8,1
DA:9,1
DA:10,6
DA:11,6
DA:12,6
DA:13,6
DA:14,6
DA:15,6
DA:16,4
DA:17,6
DA:18,2
DA:19,2
DA:20,2
DA:21,2
DA:22,2
DA:23,2
DA:24,2
DA:25,2
DA:26,2
DA:27,2
DA:28,2
DA:29,2
DA:30,6
DA:31,6
LF:31
LH:31
BRDA:10,0,0,6
BRDA:15,1,0,4
BRDA:17,2,0,2
BRF:3
BRH:3
end_of_record
TN:
SF:src/lib/PrivateKey.ts
FN:19,fromHex
FN:38,get secret
FN:48,get secretToHex
FN:59,PrivateKey
FN:73,encapsulate
FN:94,multiply
FN:106,validateSecret
FN:116,getValidSecret
FN:132,getPublicKey
FNF:9
FNH:9
FNDA:4,fromHex
FNDA:9,get secret
FNDA:5,get secretToHex
FNDA:33,PrivateKey
FNDA:10,encapsulate
FNDA:15,multiply
FNDA:47,validateSecret
FNDA:14,getValidSecret
FNDA:32,getPublicKey
DA:1,1
DA:2,1
DA:3,1
DA:4,1
DA:5,1
DA:6,1
DA:7,1
DA:8,1
DA:9,1
DA:10,1
DA:11,1
DA:12,1
DA:13,1
DA:14,1
DA:15,1
DA:16,1
DA:17,1
DA:18,1
DA:19,1
DA:20,4
DA:21,4
DA:22,1
DA:23,1
DA:24,1
DA:25,1
DA:26,1
DA:27,1
DA:28,1
DA:29,1
DA:30,1
DA:31,1
DA:32,1
DA:33,1
DA:34,1
DA:35,1
DA:36,1
DA:37,1
DA:38,1
DA:39,9
DA:40,9
DA:41,1
DA:42,1
DA:43,1
DA:44,1
DA:45,1
DA:46,1
DA:47,1
DA:48,1
DA:49,5
DA:50,5
DA:51,1
DA:52,1
DA:53,1
DA:54,1
DA:55,1
DA:56,1
DA:57,1
DA:58,1
DA:59,1
DA:60,33
DA:61,33
DA:62,32
DA:63,32
DA:64,32
DA:65,1
DA:66,1
DA:67,1
DA:68,1
DA:69,1
DA:70,1
DA:71,1
DA:72,1
DA:73,1
DA:74,10
DA:75,10
DA:76,10
DA:77,2
DA:78,2
DA:79,10
DA:80,8
DA:81,8
DA:82,8
DA:83,10
DA:84,10
DA:85,1
DA:86,1
DA:87,1
DA:88,1
DA:89,1
DA:90,1
DA:91,1
DA:92,1
DA:93,1
DA:94,1
DA:95,15
DA:96,15
DA:97,15
DA:98,1
DA:99,1
DA:100,1
DA:101,1
DA:102,1
DA:103,1
DA:104,1
DA:105,1
DA:106,1
DA:107,47
DA:108,47
DA:109,1
DA:110,1
DA:111,1
DA:112,1
DA:113,1
DA:114,1
DA:115,1
DA:116,1
DA:117,14
DA:118,14
DA:119,14
DA:120,14
DA:121,14
DA:122,14
DA:123,14
DA:124,1
DA:125,1
DA:126,1
DA:127,1
DA:128,1
DA:129,1
DA:130,1
DA:131,1
DA:132,1
DA:133,32
DA:134,32
DA:135,1
LF:135
LH:135
BRDA:19,0,0,4
BRDA:38,1,0,9
BRDA:48,2,0,5
BRDA:59,3,0,33
BRDA:60,4,0,19
BRDA:60,5,0,14
BRDA:61,6,0,1
BRDA:62,7,0,32
BRDA:73,8,0,10
BRDA:76,9,0,2
BRDA:79,10,0,8
BRDA:94,11,0,15
BRDA:106,12,0,47
BRDA:116,13,0,14
BRDA:132,14,0,32
BRF:15
BRH:15
end_of_record
TN:
SF:src/lib/PublicKey.ts
FN:17,fromHex
FN:27,get compressed
FN:32,get uncompressed
FN:41,PublicKey
FN:52,toHex
FN:67,decapsulate
FN:89,convertPublicKeyFormat
FNF:7
FNH:7
FNDA:11,fromHex
FNDA:28,get compressed
FNDA:27,get uncompressed
FNDA:49,PublicKey
FNDA:14,toHex
FNDA:3,decapsulate
FNDA:76,convertPublicKeyFormat
DA:1,1
DA:2,1
DA:3,1
DA:4,1
DA:5,1
DA:6,1
DA:7,1
DA:8,1
DA:9,1
DA:10,1
DA:11,1
DA:12,1
DA:13,1
DA:14,1
DA:15,1
DA:16,1
DA:17,1
DA:18,11
DA:19,11
DA:20,1
DA:21,1
DA:22,1
DA:23,1
DA:24,1
DA:25,1
DA:26,1
DA:27,1
DA:28,28
DA:29,28
DA:30,28
DA:31,1
DA:32,1
DA:33,27
DA:34,27
DA:35,27
DA:36,1
DA:37,1
DA:38,1
DA:39,1
DA:40,1
DA:41,1
DA:42,49
DA:43,49
DA:44,1
DA:45,1
DA:46,1
DA:47,1
DA:48,1
DA:49,1
DA:50,1
DA:51,1
DA:52,1
DA:53,14
DA:54,11
DA:55,14
DA:56,3
DA:57,3
DA:58,14
DA:59,1
DA:60,1
DA:61,1
DA:62,1
DA:63,1
DA:64,1
DA:65,1
DA:66,1
DA:67,1
DA:68,3
DA:69,3
DA:70,3
DA:71,1
DA:72,1
DA:73,2
DA:74,2
DA:75,2
DA:76,2
DA:77,3
DA:78,3
DA:79,1
DA:80,1
DA:81,1
DA:82,1
DA:83,1
DA:84,1
DA:85,1
DA:86,1
DA:87,1
DA:88,1
DA:89,1
DA:90,76
DA:91,76
DA:92,76
DA:93,76
DA:94,76
DA:95,1
LF:95
LH:95
BRDA:17,0,0,11
BRDA:27,1,0,28
BRDA:32,2,0,27
BRDA:41,3,0,49
BRDA:52,4,0,14
BRDA:53,5,0,11
BRDA:55,6,0,3
BRDA:67,7,0,3
BRDA:70,8,0,2
BRDA:70,9,0,1
BRDA:89,10,0,76
BRF:11
BRH:11
end_of_record
TN:
SF:src/lib/Service.ts
FN:126,get
FN:126,get
FN:126,get
FN:126,get
FN:126,get
FN:31,Service
FN:44,encrypt
FN:69,decrypt
FN:102,equals
FNF:9
FNH:4
FNDA:0,get
FNDA:0,get
FNDA:0,get
FNDA:0,get
FNDA:0,get
FNDA:5,Service
FNDA:3,encrypt
FNDA:5,decrypt
FNDA:11,equals
DA:1,1
DA:2,1
DA:3,1
DA:4,1
DA:5,1
DA:6,1
DA:7,1
DA:8,1
DA:9,1
DA:10,1
DA:11,1
DA:12,1
DA:13,1
DA:14,1
DA:15,1
DA:16,1
DA:17,1
DA:18,1
DA:19,1
DA:20,1
DA:21,1
DA:22,1
DA:23,1
DA:24,1
DA:25,1
DA:26,1
DA:27,1
DA:28,1
DA:29,1
DA:30,1
DA:31,1
DA:32,5
DA:33,5
DA:34,5
DA:35,1
DA:36,1
DA:37,1
DA:38,1
DA:39,1
DA:40,1
DA:41,1
DA:42,1
DA:43,1
DA:44,1
DA:45,3
DA:46,3
DA:47,3
DA:48,3
DA:49,3
DA:50,2
DA:51,2
DA:52,2
DA:53,2
DA:54,2
DA:55,2
DA:56,2
DA:57,1
DA:58,1
DA:59,1
DA:60,1
DA:61,1
DA:62,1
DA:63,1
DA:64,1
DA:65,1
DA:66,1
DA:67,1
DA:68,1
DA:69,1
DA:70,5
DA:71,5
DA:72,5
DA:73,5
DA:74,4
DA:75,4
DA:76,4
DA:77,4
DA:78,4
DA:79,4
DA:80,4
DA:81,4
DA:82,3
DA:83,3
DA:84,3
DA:85,3
DA:86,1
DA:87,1
DA:88,1
DA:89,1
DA:90,1
DA:91,1
DA:92,1
DA:93,1
DA:94,1
DA:95,1
DA:96,1
DA:97,1
DA:98,1
DA:99,1
DA:100,1
DA:101,1
DA:102,1
DA:103,11
DA:104,11
DA:105,4
DA:106,4
DA:107,4
DA:108,7
DA:109,7
DA:110,11
DA:111,5
DA:112,5
DA:113,5
DA:114,5
DA:115,5
DA:116,5
DA:117,5
DA:118,5
DA:119,2
DA:120,2
DA:121,2
DA:122,2
DA:123,2
DA:124,2
DA:125,1
DA:126,1
LF:126
LH:126
BRDA:31,0,0,5
BRDA:44,1,0,3
BRDA:49,2,0,2
BRDA:57,3,0,1
BRDA:69,4,0,5
BRDA:73,5,0,4
BRDA:81,6,0,2
BRDA:81,7,0,1
BRDA:81,8,0,3
BRDA:86,9,0,1
BRDA:102,10,0,11
BRDA:104,11,0,4
BRDA:108,12,0,7
BRDA:110,13,0,5
BRDA:115,14,0,4
BRDA:116,15,0,1
BRDA:119,16,0,2
BRF:17
BRH:17
end_of_record
TN:
SF:src/lib/decrypt.ts
FN:33,extractParts
FN:63,_decrypt
FN:104,decrypt
FN:129,isCompressed
FN:142,decodeSignMessage
FN:161,verifyMessage
FNF:6
FNH:6
FNDA:4,extractParts
FNDA:3,_decrypt
FNDA:3,decrypt
FNDA:3,isCompressed
FNDA:3,decodeSignMessage
FNDA:2,verifyMessage
DA:1,1
DA:2,1
DA:3,1
DA:4,1
DA:5,1
DA:6,1
DA:7,1
DA:8,1
DA:9,1
DA:10,1
DA:11,1
DA:12,1
DA:13,1
DA:14,1
DA:15,1
DA:16,1
DA:17,1
DA:18,1
DA:19,1
DA:20,1
DA:21,1
DA:22,1
DA:23,1
DA:24,1
DA:25,1
DA:26,1
DA:27,1
DA:28,1
DA:29,1
DA:30,1
DA:31,1
DA:32,1
DA:33,4
DA:34,4
DA:35,4
DA:36,4
DA:37,4
DA:38,4
DA:39,4
DA:40,4
DA:41,4
DA:42,4
DA:43,4
DA:44,4
DA:45,4
DA:46,4
DA:47,4
DA:48,4
DA:49,4
DA:50,4
DA:51,1
DA:52,1
DA:53,1
DA:54,1
DA:55,1
DA:56,1
DA:57,1
DA:58,1
DA:59,1
DA:60,1
DA:61,1
DA:62,1
DA:63,3
DA:64,3
DA:65,3
DA:66,3
DA:67,3
DA:68,3
DA:69,3
DA:70,3
DA:71,3
DA:72,3
DA:73,3
DA:74,3
DA:75,3
DA:76,3
DA:77,3
DA:78,3
DA:79,3
DA:80,3
DA:81,3
DA:82,3
DA:83,3
DA:84,3
DA:85,1
DA:86,1
DA:87,1
DA:88,1
DA:89,1
DA:90,1
DA:91,1
DA:92,1
DA:93,1
DA:94,1
DA:95,1
DA:96,1
DA:97,1
DA:98,1
DA:99,1
DA:100,1
DA:101,1
DA:102,1
DA:103,1
DA:104,3
DA:105,3
DA:106,3
DA:107,3
DA:108,3
DA:109,3
DA:110,3
DA:111,3
DA:112,3
DA:113,3
DA:114,3
DA:115,3
DA:116,3
DA:117,3
DA:118,1
DA:119,1
DA:120,1
DA:121,1
DA:122,1
DA:123,1
DA:124,1
DA:125,1
DA:126,1
DA:127,1
DA:128,1
DA:129,3
DA:130,3
DA:131,3
DA:132,3
DA:133,3
DA:134,3
DA:135,1
DA:136,1
DA:137,1
DA:138,1
DA:139,1
DA:140,1
DA:141,1
DA:142,3
DA:143,3
DA:144,3
DA:145,3
DA:146,3
DA:147,3
DA:148,3
DA:149,3
DA:150,3
DA:151,3
DA:152,3
DA:153,1
DA:154,1
DA:155,1
DA:156,1
DA:157,1
DA:158,1
DA:159,1
DA:160,1
DA:161,2
DA:162,2
DA:163,2
DA:164,2
DA:165,2
DA:166,2
DA:167,2
DA:168,2
DA:169,2
DA:170,2
DA:171,2
DA:172,2
DA:173,2
DA:174,2
DA:175,2
DA:176,2
LF:176
LH:176
BRDA:33,0,0,4
BRDA:63,1,0,3
BRDA:104,2,0,3
BRDA:107,3,0,1
BRDA:108,4,0,2
BRDA:129,5,0,3
BRDA:132,6,0,1
BRDA:133,7,0,2
BRDA:142,8,0,3
BRDA:161,9,0,2
BRF:10
BRH:10
end_of_record
TN:
SF:src/lib/encrypt.ts
FN:15,_encrypt
FN:58,encrypt
FN:89,signMessage
FN:113,encodeSign
FNF:4
FNH:4
FNDA:10,_encrypt
FNDA:11,encrypt
FNDA:2,signMessage
FNDA:2,encodeSign
DA:1,1
DA:2,1
DA:3,1
DA:4,1
DA:5,1
DA:6,1
DA:7,1
DA:8,1
DA:9,1
DA:10,1
DA:11,1
DA:12,1
DA:13,1
DA:14,1
DA:15,10
DA:16,10
DA:17,10
DA:18,10
DA:19,10
DA:20,10
DA:21,10
DA:22,10
DA:23,10
DA:24,10
DA:25,10
DA:26,10
DA:27,10
DA:28,10
DA:29,10
DA:30,10
DA:31,10
DA:32,10
DA:33,10
DA:34,10
DA:35,10
DA:36,10
DA:37,10
DA:38,10
DA:39,1
DA:40,1
DA:41,1
DA:42,1
DA:43,1
DA:44,1
DA:45,1
DA:46,1
DA:47,1
DA:48,1
DA:49,1
DA:50,1
DA:51,1
DA:52,1
DA:53,1
DA:54,1
DA:55,1
DA:56,1
DA:57,1
DA:58,11
DA:59,11
DA:60,11
DA:61,11
DA:62,11
DA:63,11
DA:64,11
DA:65,11
DA:66,11
DA:67,11
DA:68,11
DA:69,11
DA:70,11
DA:71,11
DA:72,11
DA:73,2
DA:74,11
DA:75,8
DA:76,8
DA:77,10
DA:78,10
DA:79,10
DA:80,10
DA:81,1
DA:82,1
DA:83,1
DA:84,1
DA:85,1
DA:86,1
DA:87,1
DA:88,1
DA:89,2
DA:90,2
DA:91,2
DA:92,2
DA:93,2
DA:94,2
DA:95,2
DA:96,2
DA:97,2
DA:98,2
DA:99,2
DA:100,2
DA:101,2
DA:102,2
DA:103,2
DA:104,2
DA:105,1
DA:106,1
DA:107,1
DA:108,1
DA:109,1
DA:110,1
DA:111,1
DA:112,1
DA:113,2
DA:114,2
DA:115,2
DA:116,2
DA:117,2
LF:117
LH:117
BRDA:15,0,0,10
BRDA:58,1,0,11
BRDA:63,2,0,1
BRDA:64,3,0,10
BRDA:72,4,0,2
BRDA:74,5,0,10
BRDA:74,6,0,8
BRDA:89,7,0,2
BRDA:113,8,0,2
BRF:9
BRH:9
end_of_record
TN:
SF:src/utils/bytes.ts
FN:8,bytesToHex
FN:9,hexToBytes
FN:10,bytesToUtf8
FN:11,utf8ToBytes
FN:14,bytesToBase64
FN:18,base64ToBytes
FN:22,bytesToAscii
FN:26,asciiToBytes
FN:30,bytesToLatin1
FN:34,latin1ToBytes
FN:38,bytesToUcs2
FN:42,ucs2ToBytes
FN:47,remove0x
FN:52,decodeHex
FN:54,isBytes
FN:62,abytes
FN:66,isString
FN:77,normalizeToUint8Array
FNF:18
FNH:18
FNDA:15,bytesToHex
FNDA:22,hexToBytes
FNDA:2,bytesToUtf8
FNDA:3,utf8ToBytes
FNDA:3,bytesToBase64
FNDA:1,base64ToBytes
FNDA:3,bytesToAscii
FNDA:1,asciiToBytes
FNDA:3,bytesToLatin1
FNDA:1,latin1ToBytes
FNDA:4,bytesToUcs2
FNDA:2,ucs2ToBytes
FNDA:20,remove0x
FNDA:16,decodeHex
FNDA:40,isBytes
FNDA:21,abytes
FNDA:32,isString
FNDA:11,normalizeToUint8Array
DA:1,1
DA:2,1
DA:3,1
DA:4,1
DA:5,1
DA:6,1
DA:7,1
DA:8,1
DA:9,1
DA:10,1
DA:11,1
DA:12,1
DA:13,1
DA:14,1
DA:15,3
DA:16,3
DA:17,3
DA:18,1
DA:19,1
DA:20,1
DA:21,1
DA:22,1
DA:23,3
DA:24,3
DA:25,3
DA:26,1
DA:27,1
DA:28,1
DA:29,1
DA:30,1
DA:31,3
DA:32,3
DA:33,3
DA:34,1
DA:35,1
DA:36,1
DA:37,1
DA:38,1
DA:39,4
DA:40,4
DA:41,4
DA:42,1
DA:43,2
DA:44,2
DA:45,2
DA:46,1
DA:47,1
DA:48,20
DA:49,20
DA:50,20
DA:51,20
DA:52,1
DA:53,1
DA:54,40
DA:55,40
DA:56,40
DA:57,40
DA:58,16
DA:59,40
DA:60,40
DA:61,1
DA:62,21
DA:63,21
DA:64,21
DA:65,21
DA:66,32
DA:67,32
DA:68,32
DA:69,32
DA:70,1
DA:71,1
DA:72,1
DA:73,1
DA:74,1
DA:75,1
DA:76,1
DA:77,11
DA:78,11
DA:79,5
DA:80,5
DA:81,6
DA:82,6
LF:82
LH:82
BRDA:8,0,0,15
BRDA:9,1,0,22
BRDA:10,2,0,2
BRDA:11,3,0,3
BRDA:14,4,0,3
BRDA:18,5,0,1
BRDA:22,6,0,3
BRDA:26,7,0,1
BRDA:30,8,0,3
BRDA:34,9,0,1
BRDA:38,10,0,4
BRDA:42,11,0,2
BRDA:47,12,0,20
BRDA:50,13,0,18
BRDA:50,14,0,4
BRDA:50,15,0,16
BRDA:52,16,0,16
BRDA:54,17,0,40
BRDA:56,18,0,16
BRDA:57,19,0,16
BRDA:58,20,0,11
BRDA:58,21,0,2
BRDA:62,22,0,21
BRDA:64,23,0,6
BRDA:66,24,0,32
BRDA:68,25,0,6
BRDA:77,26,0,11
BRDA:78,27,0,8
BRDA:78,28,0,5
BRDA:81,29,0,6
BRF:30
BRH:30
end_of_record
TN:
SF:src/utils/elliptic.ts
FN:5,combineKeys
FN:8,getSharedKey
FN:15,hexToPublicKey
FNF:3
FNH:3
FNDA:13,combineKeys
FNDA:12,getSharedKey
FNDA:13,hexToPublicKey
DA:1,1
DA:2,1
DA:3,1
DA:4,1
DA:5,13
DA:6,13
DA:7,13
DA:8,12
DA:9,12
DA:10,12
DA:11,12
DA:12,12
DA:13,12
DA:14,1
DA:15,13
DA:16,13
DA:17,13
DA:18,13
DA:19,1
DA:20,1
DA:21,1
DA:22,1
DA:23,1
DA:24,1
DA:25,11
DA:26,11
LF:26
LH:26
BRDA:5,0,0,13
BRDA:8,1,0,12
BRDA:15,2,0,13
BRDA:18,3,0,1
BRDA:25,4,0,11
BRF:5
BRH:5
end_of_record
TN:
SF:src/utils/index.ts
FN:2,get
FN:3,get
FN:4,get
FN:5,get
FN:6,get
FN:7,get
FN:8,get
FNF:7
FNH:7
FNDA:13,get
FNDA:33,get
FNDA:37,get
FNDA:13,get
FNDA:69,get
FNDA:15,get
FNDA:9,get
DA:1,1
DA:2,1
DA:3,1
DA:4,1
DA:5,1
DA:6,1
DA:7,1
DA:8,1
DA:9,1
DA:10,1
DA:11,1
LF:11
LH:11
BRDA:2,0,0,13
BRDA:3,1,0,33
BRDA:4,2,0,37
BRDA:5,3,0,13
BRDA:6,4,0,69
BRDA:7,5,0,15
BRDA:8,6,0,9
BRF:7
BRH:7
end_of_record
TN:
SF:src/utils/noble.ts
FN:2,get
FN:3,get
FN:4,get
FN:5,get
FN:6,get
FN:7,get
FN:9,get
FN:10,get
FN:11,get
FN:12,get
FN:13,get
FNF:11
FNH:11
FNDA:33,get
FNDA:15,get
FNDA:22,get
FNDA:2,get
FNDA:3,get
FNDA:9,get
FNDA:13,get
FNDA:37,get
FNDA:13,get
FNDA:69,get
FNDA:15,get
DA:1,1
DA:2,1
DA:3,1
DA:4,1
DA:5,1
DA:6,1
DA:7,1
DA:8,1
DA:9,1
DA:10,1
DA:11,1
DA:12,1
DA:13,1
LF:13
LH:13
BRDA:2,0,0,33
BRDA:3,1,0,15
BRDA:4,2,0,22
BRDA:5,3,0,2
BRDA:6,4,0,3
BRDA:7,5,0,9
BRDA:9,6,0,13
BRDA:10,7,0,37
BRDA:11,8,0,13
BRDA:12,9,0,69
BRDA:13,10,0,15
BRF:11
BRH:11
end_of_record
