TN:
SF:ts256k1.config.cjs
FN:1,Object.<anonymous>
FNF:1
FNH:1
FNDA:5,Object.<anonymous>
DA:1,5
DA:2,5
DA:3,5
DA:4,5
DA:5,5
DA:6,5
DA:7,5
DA:8,5
DA:9,5
DA:10,5
LF:10
LH:10
BRDA:1,0,0,5
BRDA:1,1,0,5
BRF:2
BRH:2
end_of_record
TN:
SF:src/main.ts
FN:47,get
FN:47,get
FN:29,getKeyPairs
FN:42,Ts256k1
FNF:4
FNH:4
FNDA:12,get
FNDA:1,get
FNDA:3,getKeyPairs
FNDA:3,Ts256k1
DA:1,1
DA:2,1
DA:3,1
DA:4,1
DA:5,1
DA:6,1
DA:7,1
DA:8,1
DA:9,1
DA:10,1
DA:11,1
DA:12,1
DA:13,1
DA:14,1
DA:15,1
DA:16,1
DA:17,1
DA:18,1
DA:19,1
DA:20,1
DA:21,1
DA:22,1
DA:23,1
DA:24,1
DA:25,1
DA:26,1
DA:27,1
DA:28,1
DA:29,1
DA:30,3
DA:31,3
DA:32,1
DA:33,1
DA:34,1
DA:35,1
DA:36,1
DA:37,1
DA:38,1
DA:39,1
DA:40,1
DA:41,1
DA:42,1
DA:43,3
DA:44,3
DA:45,1
DA:46,1
DA:47,1
LF:47
LH:47
BRDA:47,0,0,12
BRDA:47,1,0,1
BRDA:29,2,0,3
BRDA:42,3,0,3
BRF:4
BRH:4
end_of_record
TN:
SF:src/config/config.ts
FN:30,Config
FN:49,isHkdfKeyCompressed
FN:58,isEphemeralKeyCompressed
FN:65,signEnabled
FN:69,signThrowOnInvalid
FN:71,signErrorMessage
FN:73,signUseLowS
FNF:7
FNH:7
FNDA:5,Config
FNDA:14,isHkdfKeyCompressed
FNDA:14,isEphemeralKeyCompressed
FNDA:3,signEnabled
FNDA:2,signThrowOnInvalid
FNDA:1,signErrorMessage
FNDA:5,signUseLowS
DA:1,1
DA:2,1
DA:3,1
DA:4,1
DA:5,1
DA:6,1
DA:7,1
DA:8,1
DA:9,1
DA:10,1
DA:11,1
DA:12,1
DA:13,1
DA:14,1
DA:15,1
DA:16,1
DA:17,1
DA:18,1
DA:19,1
DA:20,1
DA:21,1
DA:22,1
DA:23,1
DA:24,1
DA:25,1
DA:26,1
DA:27,1
DA:28,1
DA:29,1
DA:30,1
DA:31,5
DA:32,5
DA:33,5
DA:34,5
DA:35,5
DA:36,5
DA:37,5
DA:38,5
DA:39,1
DA:40,1
DA:41,1
DA:42,1
DA:43,1
DA:44,1
DA:45,1
DA:46,1
DA:47,1
DA:48,1
DA:49,1
DA:50,14
DA:51,1
DA:52,1
DA:53,1
DA:54,1
DA:55,1
DA:56,1
DA:57,1
DA:58,1
DA:59,14
DA:60,1
DA:61,1
DA:62,1
DA:63,1
DA:64,1
DA:65,1
DA:66,3
DA:67,1
DA:68,1
DA:69,1
DA:70,2
DA:71,1
DA:72,1
DA:73,1
DA:74,5
LF:74
LH:74
BRDA:30,0,0,5
BRDA:31,1,0,0
BRDA:32,2,0,0
BRDA:34,3,0,0
BRDA:35,4,0,0
BRDA:36,5,0,0
BRDA:37,6,0,0
BRDA:49,7,0,14
BRDA:58,8,0,14
BRDA:65,9,0,3
BRDA:69,10,0,2
BRDA:71,11,0,1
BRDA:73,12,0,5
BRF:13
BRH:7
end_of_record
TN:
SF:src/config/consts.ts
FNF:0
FNH:0
DA:1,1
DA:2,1
DA:3,1
DA:4,1
DA:5,1
DA:6,1
DA:7,1
DA:8,1
DA:9,1
DA:10,1
LF:10
LH:10
BRF:0
BRH:0
end_of_record
TN:
SF:src/config/index.ts
FNF:0
FNH:0
DA:1,1
DA:2,1
LF:2
LH:2
BRF:0
BRH:0
end_of_record
TN:
SF:src/config/loadConfig.ts
FN:10,loadConfig
FNF:1
FNH:1
FNDA:7,loadConfig
DA:1,1
DA:2,1
DA:3,1
DA:4,1
DA:5,1
DA:6,1
DA:7,1
DA:8,1
DA:9,1
DA:10,7
DA:11,7
DA:12,7
DA:13,7
DA:14,7
DA:15,7
DA:16,5
DA:17,7
DA:18,2
DA:19,2
DA:20,2
DA:21,2
DA:22,2
DA:23,2
DA:24,2
DA:25,2
DA:26,2
DA:27,2
DA:28,2
DA:29,2
DA:30,7
DA:31,7
LF:31
LH:31
BRDA:10,0,0,7
BRDA:15,1,0,5
BRDA:17,2,0,2
BRF:3
BRH:3
end_of_record
TN:
SF:src/lib/CompressionService.ts
FN:43,extractDictionary
FN:58,CompressionService
FN:68,get UUID
FN:77,get cacheDir
FN:88,compress
FN:118,decompress
FN:149,compressSync
FN:163,decompressSync
FN:175,listCacheFiles
FN:184,removeCacheFile
FN:191,clearCache
FN:205,preloadOneCacheFile
FN:222,preloadAllCacheFiles
FNF:13
FNH:3
FNDA:0,extractDictionary
FNDA:5,CompressionService
FNDA:0,get UUID
FNDA:5,get cacheDir
FNDA:0,compress
FNDA:0,decompress
FNDA:0,compressSync
FNDA:0,decompressSync
FNDA:0,listCacheFiles
FNDA:0,removeCacheFile
FNDA:0,clearCache
FNDA:0,preloadOneCacheFile
FNDA:5,preloadAllCacheFiles
DA:1,1
DA:2,1
DA:3,1
DA:4,1
DA:5,1
DA:6,1
DA:7,1
DA:8,1
DA:9,1
DA:10,1
DA:11,1
DA:12,1
DA:13,1
DA:14,1
DA:15,1
DA:16,1
DA:17,1
DA:18,1
DA:19,1
DA:20,1
DA:21,1
DA:22,1
DA:23,1
DA:24,1
DA:25,1
DA:26,1
DA:27,1
DA:28,1
DA:29,1
DA:30,1
DA:31,1
DA:32,1
DA:33,1
DA:34,1
DA:35,1
DA:36,1
DA:37,1
DA:38,1
DA:39,1
DA:40,1
DA:41,1
DA:42,1
DA:43,1
DA:44,0
DA:45,0
DA:46,0
DA:47,0
DA:48,0
DA:49,0
DA:50,0
DA:51,0
DA:52,1
DA:53,1
DA:54,1
DA:55,1
DA:56,1
DA:57,1
DA:58,1
DA:59,5
DA:60,5
DA:61,5
DA:62,1
DA:63,1
DA:64,1
DA:65,1
DA:66,1
DA:67,1
DA:68,1
DA:69,0
DA:70,0
DA:71,1
DA:72,1
DA:73,1
DA:74,1
DA:75,1
DA:76,1
DA:77,1
DA:78,5
DA:79,5
DA:80,1
DA:81,1
DA:82,1
DA:83,1
DA:84,1
DA:85,1
DA:86,1
DA:87,1
DA:88,1
DA:89,0
DA:90,0
DA:91,0
DA:92,0
DA:93,0
DA:94,0
DA:95,0
DA:96,0
DA:97,0
DA:98,0
DA:99,0
DA:100,0
DA:101,0
DA:102,0
DA:103,0
DA:104,0
DA:105,0
DA:106,0
DA:107,0
DA:108,0
DA:109,1
DA:110,1
DA:111,1
DA:112,1
DA:113,1
DA:114,1
DA:115,1
DA:116,1
DA:117,1
DA:118,1
DA:119,0
DA:120,0
DA:121,0
DA:122,0
DA:123,0
DA:124,0
DA:125,0
DA:126,0
DA:127,0
DA:128,0
DA:129,0
DA:130,0
DA:131,0
DA:132,0
DA:133,0
DA:134,0
DA:135,0
DA:136,0
DA:137,0
DA:138,0
DA:139,0
DA:140,0
DA:141,1
DA:142,1
DA:143,1
DA:144,1
DA:145,1
DA:146,1
DA:147,1
DA:148,1
DA:149,1
DA:150,0
DA:151,0
DA:152,0
DA:153,0
DA:154,0
DA:155,1
DA:156,1
DA:157,1
DA:158,1
DA:159,1
DA:160,1
DA:161,1
DA:162,1
DA:163,1
DA:164,0
DA:165,0
DA:166,0
DA:167,0
DA:168,0
DA:169,1
DA:170,1
DA:171,1
DA:172,1
DA:173,1
DA:174,1
DA:175,1
DA:176,0
DA:177,0
DA:178,1
DA:179,1
DA:180,1
DA:181,1
DA:182,1
DA:183,1
DA:184,1
DA:185,0
DA:186,0
DA:187,1
DA:188,1
DA:189,1
DA:190,1
DA:191,1
DA:192,0
DA:193,0
DA:194,0
DA:195,0
DA:196,0
DA:197,0
DA:198,1
DA:199,1
DA:200,1
DA:201,1
DA:202,1
DA:203,1
DA:204,1
DA:205,1
DA:206,0
DA:207,0
DA:208,0
DA:209,0
DA:210,0
DA:211,0
DA:212,0
DA:213,0
DA:214,0
DA:215,0
DA:216,1
DA:217,1
DA:218,1
DA:219,1
DA:220,1
DA:221,1
DA:222,1
DA:223,5
DA:224,0
DA:225,0
DA:226,0
DA:227,0
DA:228,0
DA:229,0
DA:230,0
DA:231,0
DA:232,5
DA:233,1
DA:234,1
DA:235,1
LF:235
LH:145
BRDA:58,0,0,5
BRDA:77,1,0,5
BRDA:222,2,0,5
BRDA:223,3,0,0
BRF:4
BRH:3
end_of_record
TN:
SF:src/lib/PrivateKey.ts
FN:20,fromHex
FN:39,get secret
FN:49,get secretToHex
FN:60,PrivateKey
FN:74,encapsulate
FN:95,multiply
FN:107,validateSecret
FN:117,getValidSecret
FN:133,getPublicKey
FNF:9
FNH:9
FNDA:3,fromHex
FNDA:9,get secret
FNDA:4,get secretToHex
FNDA:29,PrivateKey
FNDA:10,encapsulate
FNDA:15,multiply
FNDA:40,validateSecret
FNDA:14,getValidSecret
FNDA:28,getPublicKey
DA:1,1
DA:2,1
DA:3,1
DA:4,1
DA:5,1
DA:6,1
DA:7,1
DA:8,1
DA:9,1
DA:10,1
DA:11,1
DA:12,1
DA:13,1
DA:14,1
DA:15,1
DA:16,1
DA:17,1
DA:18,1
DA:19,1
DA:20,1
DA:21,3
DA:22,3
DA:23,1
DA:24,1
DA:25,1
DA:26,1
DA:27,1
DA:28,1
DA:29,1
DA:30,1
DA:31,1
DA:32,1
DA:33,1
DA:34,1
DA:35,1
DA:36,1
DA:37,1
DA:38,1
DA:39,1
DA:40,9
DA:41,9
DA:42,1
DA:43,1
DA:44,1
DA:45,1
DA:46,1
DA:47,1
DA:48,1
DA:49,1
DA:50,4
DA:51,4
DA:52,1
DA:53,1
DA:54,1
DA:55,1
DA:56,1
DA:57,1
DA:58,1
DA:59,1
DA:60,1
DA:61,29
DA:62,29
DA:63,28
DA:64,28
DA:65,28
DA:66,1
DA:67,1
DA:68,1
DA:69,1
DA:70,1
DA:71,1
DA:72,1
DA:73,1
DA:74,1
DA:75,10
DA:76,10
DA:77,10
DA:78,2
DA:79,2
DA:80,10
DA:81,8
DA:82,8
DA:83,8
DA:84,10
DA:85,10
DA:86,1
DA:87,1
DA:88,1
DA:89,1
DA:90,1
DA:91,1
DA:92,1
DA:93,1
DA:94,1
DA:95,1
DA:96,15
DA:97,15
DA:98,15
DA:99,1
DA:100,1
DA:101,1
DA:102,1
DA:103,1
DA:104,1
DA:105,1
DA:106,1
DA:107,1
DA:108,40
DA:109,40
DA:110,1
DA:111,1
DA:112,1
DA:113,1
DA:114,1
DA:115,1
DA:116,1
DA:117,1
DA:118,14
DA:119,14
DA:120,14
DA:121,14
DA:122,14
DA:123,14
DA:124,14
DA:125,1
DA:126,1
DA:127,1
DA:128,1
DA:129,1
DA:130,1
DA:131,1
DA:132,1
DA:133,1
DA:134,28
DA:135,28
DA:136,1
LF:136
LH:136
BRDA:20,0,0,3
BRDA:39,1,0,9
BRDA:49,2,0,4
BRDA:60,3,0,29
BRDA:61,4,0,18
BRDA:61,5,0,11
BRDA:62,6,0,1
BRDA:63,7,0,28
BRDA:74,8,0,10
BRDA:77,9,0,2
BRDA:80,10,0,8
BRDA:95,11,0,15
BRDA:107,12,0,40
BRDA:117,13,0,14
BRDA:133,14,0,28
BRF:15
BRH:15
end_of_record
TN:
SF:src/lib/PublicKey.ts
FN:18,fromHex
FN:28,get compressed
FN:33,get uncompressed
FN:42,PublicKey
FN:53,toHex
FN:68,decapsulate
FN:90,convertPublicKeyFormat
FNF:7
FNH:7
FNDA:11,fromHex
FNDA:26,get compressed
FNDA:26,get uncompressed
FNDA:44,PublicKey
FNDA:14,toHex
FNDA:3,decapsulate
FNDA:70,convertPublicKeyFormat
DA:1,1
DA:2,1
DA:3,1
DA:4,1
DA:5,1
DA:6,1
DA:7,1
DA:8,1
DA:9,1
DA:10,1
DA:11,1
DA:12,1
DA:13,1
DA:14,1
DA:15,1
DA:16,1
DA:17,1
DA:18,1
DA:19,11
DA:20,11
DA:21,1
DA:22,1
DA:23,1
DA:24,1
DA:25,1
DA:26,1
DA:27,1
DA:28,1
DA:29,26
DA:30,26
DA:31,26
DA:32,1
DA:33,1
DA:34,26
DA:35,26
DA:36,26
DA:37,1
DA:38,1
DA:39,1
DA:40,1
DA:41,1
DA:42,1
DA:43,44
DA:44,44
DA:45,1
DA:46,1
DA:47,1
DA:48,1
DA:49,1
DA:50,1
DA:51,1
DA:52,1
DA:53,1
DA:54,14
DA:55,11
DA:56,14
DA:57,3
DA:58,3
DA:59,14
DA:60,1
DA:61,1
DA:62,1
DA:63,1
DA:64,1
DA:65,1
DA:66,1
DA:67,1
DA:68,1
DA:69,3
DA:70,3
DA:71,3
DA:72,1
DA:73,1
DA:74,2
DA:75,2
DA:76,2
DA:77,2
DA:78,3
DA:79,3
DA:80,1
DA:81,1
DA:82,1
DA:83,1
DA:84,1
DA:85,1
DA:86,1
DA:87,1
DA:88,1
DA:89,1
DA:90,1
DA:91,70
DA:92,70
DA:93,70
DA:94,70
DA:95,70
DA:96,1
LF:96
LH:96
BRDA:18,0,0,11
BRDA:28,1,0,26
BRDA:33,2,0,26
BRDA:42,3,0,44
BRDA:53,4,0,14
BRDA:54,5,0,11
BRDA:56,6,0,3
BRDA:68,7,0,3
BRDA:71,8,0,2
BRDA:71,9,0,1
BRDA:90,10,0,70
BRF:11
BRH:11
end_of_record
TN:
SF:src/lib/Service.ts
FN:212,get
FN:213,get
FN:214,get
FN:216,get
FN:215,get
FN:217,get
FN:67,Service
FN:84,encrypt
FN:109,decrypt
FN:137,encryptAndCompress
FN:152,decryptAndDecompress
FN:166,compressionOpts
FN:187,equals
FN:219,get
FN:219,get
FNF:15
FNH:4
FNDA:0,get
FNDA:0,get
FNDA:0,get
FNDA:0,get
FNDA:0,get
FNDA:0,get
FNDA:5,Service
FNDA:3,encrypt
FNDA:5,decrypt
FNDA:0,encryptAndCompress
FNDA:0,decryptAndDecompress
FNDA:0,compressionOpts
FNDA:11,equals
FNDA:0,get
FNDA:0,get
DA:1,1
DA:2,1
DA:3,1
DA:4,1
DA:5,1
DA:6,1
DA:7,1
DA:8,1
DA:9,1
DA:10,1
DA:11,1
DA:12,1
DA:13,1
DA:14,1
DA:15,1
DA:16,1
DA:17,1
DA:18,1
DA:19,1
DA:20,1
DA:21,1
DA:22,1
DA:23,1
DA:24,1
DA:25,1
DA:26,1
DA:27,1
DA:28,1
DA:29,1
DA:30,1
DA:31,1
DA:32,1
DA:33,1
DA:34,1
DA:35,1
DA:36,1
DA:37,1
DA:38,1
DA:39,1
DA:40,1
DA:41,1
DA:42,1
DA:43,1
DA:44,1
DA:45,1
DA:46,1
DA:47,1
DA:48,1
DA:49,1
DA:50,1
DA:51,1
DA:52,1
DA:53,1
DA:54,1
DA:55,1
DA:56,1
DA:57,1
DA:58,1
DA:59,1
DA:60,1
DA:61,1
DA:62,1
DA:63,1
DA:64,1
DA:65,1
DA:66,1
DA:67,1
DA:68,5
DA:69,5
DA:70,5
DA:71,5
DA:72,5
DA:73,5
DA:74,5
DA:75,1
DA:76,1
DA:77,1
DA:78,1
DA:79,1
DA:80,1
DA:81,1
DA:82,1
DA:83,1
DA:84,1
DA:85,3
DA:86,3
DA:87,3
DA:88,3
DA:89,3
DA:90,2
DA:91,2
DA:92,2
DA:93,2
DA:94,2
DA:95,2
DA:96,2
DA:97,1
DA:98,1
DA:99,1
DA:100,1
DA:101,1
DA:102,1
DA:103,1
DA:104,1
DA:105,1
DA:106,1
DA:107,1
DA:108,1
DA:109,1
DA:110,5
DA:111,5
DA:112,5
DA:113,5
DA:114,4
DA:115,4
DA:116,4
DA:117,4
DA:118,4
DA:119,4
DA:120,4
DA:121,4
DA:122,3
DA:123,3
DA:124,3
DA:125,3
DA:126,1
DA:127,1
DA:128,1
DA:129,1
DA:130,1
DA:131,1
DA:132,1
DA:133,1
DA:134,1
DA:135,1
DA:136,1
DA:137,1
DA:138,0
DA:139,0
DA:140,0
DA:141,0
DA:142,0
DA:143,0
DA:144,1
DA:145,1
DA:146,1
DA:147,1
DA:148,1
DA:149,1
DA:150,1
DA:151,1
DA:152,1
DA:153,0
DA:154,0
DA:155,0
DA:156,0
DA:157,0
DA:158,0
DA:159,1
DA:160,1
DA:161,1
DA:162,1
DA:163,1
DA:164,1
DA:165,1
DA:166,1
DA:167,0
DA:168,0
DA:169,0
DA:170,0
DA:171,0
DA:172,0
DA:173,0
DA:174,0
DA:175,1
DA:176,1
DA:177,1
DA:178,1
DA:179,1
DA:180,1
DA:181,1
DA:182,1
DA:183,1
DA:184,1
DA:185,1
DA:186,1
DA:187,1
DA:188,11
DA:189,11
DA:190,4
DA:191,4
DA:192,4
DA:193,7
DA:194,7
DA:195,11
DA:196,5
DA:197,5
DA:198,5
DA:199,5
DA:200,5
DA:201,5
DA:202,5
DA:203,5
DA:204,2
DA:205,2
DA:206,2
DA:207,2
DA:208,2
DA:209,2
DA:210,1
DA:211,1
DA:212,1
DA:213,1
DA:214,1
DA:215,1
DA:216,1
DA:217,1
DA:218,1
DA:219,1
DA:220,1
LF:220
LH:200
BRDA:67,0,0,5
BRDA:84,1,0,3
BRDA:89,2,0,2
BRDA:97,3,0,1
BRDA:109,4,0,5
BRDA:113,5,0,4
BRDA:121,6,0,2
BRDA:121,7,0,1
BRDA:121,8,0,3
BRDA:126,9,0,1
BRDA:187,10,0,11
BRDA:189,11,0,4
BRDA:193,12,0,7
BRDA:195,13,0,5
BRDA:200,14,0,4
BRDA:201,15,0,1
BRDA:204,16,0,2
BRF:17
BRH:17
end_of_record
TN:
SF:src/lib/decrypt.ts
FN:33,extractParts
FN:63,_decrypt
FN:104,decrypt
FN:129,isCompressed
FN:142,decodeSignMessage
FN:161,verifyMessage
FNF:6
FNH:6
FNDA:4,extractParts
FNDA:3,_decrypt
FNDA:3,decrypt
FNDA:3,isCompressed
FNDA:3,decodeSignMessage
FNDA:2,verifyMessage
DA:1,1
DA:2,1
DA:3,1
DA:4,1
DA:5,1
DA:6,1
DA:7,1
DA:8,1
DA:9,1
DA:10,1
DA:11,1
DA:12,1
DA:13,1
DA:14,1
DA:15,1
DA:16,1
DA:17,1
DA:18,1
DA:19,1
DA:20,1
DA:21,1
DA:22,1
DA:23,1
DA:24,1
DA:25,1
DA:26,1
DA:27,1
DA:28,1
DA:29,1
DA:30,1
DA:31,1
DA:32,1
DA:33,4
DA:34,4
DA:35,4
DA:36,4
DA:37,4
DA:38,4
DA:39,4
DA:40,4
DA:41,4
DA:42,4
DA:43,4
DA:44,4
DA:45,4
DA:46,4
DA:47,4
DA:48,4
DA:49,4
DA:50,4
DA:51,1
DA:52,1
DA:53,1
DA:54,1
DA:55,1
DA:56,1
DA:57,1
DA:58,1
DA:59,1
DA:60,1
DA:61,1
DA:62,1
DA:63,3
DA:64,3
DA:65,3
DA:66,3
DA:67,3
DA:68,3
DA:69,3
DA:70,3
DA:71,3
DA:72,3
DA:73,3
DA:74,3
DA:75,3
DA:76,3
DA:77,3
DA:78,3
DA:79,3
DA:80,3
DA:81,3
DA:82,3
DA:83,3
DA:84,3
DA:85,1
DA:86,1
DA:87,1
DA:88,1
DA:89,1
DA:90,1
DA:91,1
DA:92,1
DA:93,1
DA:94,1
DA:95,1
DA:96,1
DA:97,1
DA:98,1
DA:99,1
DA:100,1
DA:101,1
DA:102,1
DA:103,1
DA:104,3
DA:105,3
DA:106,3
DA:107,3
DA:108,3
DA:109,3
DA:110,3
DA:111,3
DA:112,3
DA:113,3
DA:114,3
DA:115,3
DA:116,3
DA:117,3
DA:118,1
DA:119,1
DA:120,1
DA:121,1
DA:122,1
DA:123,1
DA:124,1
DA:125,1
DA:126,1
DA:127,1
DA:128,1
DA:129,3
DA:130,3
DA:131,3
DA:132,3
DA:133,3
DA:134,3
DA:135,1
DA:136,1
DA:137,1
DA:138,1
DA:139,1
DA:140,1
DA:141,1
DA:142,3
DA:143,3
DA:144,3
DA:145,3
DA:146,3
DA:147,3
DA:148,3
DA:149,3
DA:150,3
DA:151,3
DA:152,3
DA:153,1
DA:154,1
DA:155,1
DA:156,1
DA:157,1
DA:158,1
DA:159,1
DA:160,1
DA:161,2
DA:162,2
DA:163,2
DA:164,2
DA:165,2
DA:166,2
DA:167,2
DA:168,2
DA:169,2
DA:170,2
DA:171,2
DA:172,2
DA:173,2
DA:174,2
DA:175,2
DA:176,2
LF:176
LH:176
BRDA:33,0,0,4
BRDA:63,1,0,3
BRDA:104,2,0,3
BRDA:107,3,0,1
BRDA:108,4,0,2
BRDA:129,5,0,3
BRDA:132,6,0,1
BRDA:133,7,0,2
BRDA:142,8,0,3
BRDA:161,9,0,2
BRF:10
BRH:10
end_of_record
TN:
SF:src/lib/encrypt.ts
FN:15,_encrypt
FN:58,encrypt
FN:89,signMessage
FN:113,encodeSign
FNF:4
FNH:4
FNDA:10,_encrypt
FNDA:11,encrypt
FNDA:2,signMessage
FNDA:2,encodeSign
DA:1,1
DA:2,1
DA:3,1
DA:4,1
DA:5,1
DA:6,1
DA:7,1
DA:8,1
DA:9,1
DA:10,1
DA:11,1
DA:12,1
DA:13,1
DA:14,1
DA:15,10
DA:16,10
DA:17,10
DA:18,10
DA:19,10
DA:20,10
DA:21,10
DA:22,10
DA:23,10
DA:24,10
DA:25,10
DA:26,10
DA:27,10
DA:28,10
DA:29,10
DA:30,10
DA:31,10
DA:32,10
DA:33,10
DA:34,10
DA:35,10
DA:36,10
DA:37,10
DA:38,10
DA:39,1
DA:40,1
DA:41,1
DA:42,1
DA:43,1
DA:44,1
DA:45,1
DA:46,1
DA:47,1
DA:48,1
DA:49,1
DA:50,1
DA:51,1
DA:52,1
DA:53,1
DA:54,1
DA:55,1
DA:56,1
DA:57,1
DA:58,11
DA:59,11
DA:60,11
DA:61,11
DA:62,11
DA:63,11
DA:64,11
DA:65,11
DA:66,11
DA:67,11
DA:68,11
DA:69,11
DA:70,11
DA:71,11
DA:72,11
DA:73,2
DA:74,11
DA:75,8
DA:76,8
DA:77,10
DA:78,10
DA:79,10
DA:80,10
DA:81,1
DA:82,1
DA:83,1
DA:84,1
DA:85,1
DA:86,1
DA:87,1
DA:88,1
DA:89,2
DA:90,2
DA:91,2
DA:92,2
DA:93,2
DA:94,2
DA:95,2
DA:96,2
DA:97,2
DA:98,2
DA:99,2
DA:100,2
DA:101,2
DA:102,2
DA:103,2
DA:104,2
DA:105,1
DA:106,1
DA:107,1
DA:108,1
DA:109,1
DA:110,1
DA:111,1
DA:112,1
DA:113,2
DA:114,2
DA:115,2
DA:116,2
DA:117,2
LF:117
LH:117
BRDA:15,0,0,10
BRDA:58,1,0,11
BRDA:63,2,0,1
BRDA:64,3,0,10
BRDA:72,4,0,2
BRDA:74,5,0,10
BRDA:74,6,0,8
BRDA:89,7,0,2
BRDA:113,8,0,2
BRF:9
BRH:9
end_of_record
TN:
SF:src/utils/bytes.ts
FN:106,get
FN:9,bytesToHex
FN:10,hexToBytes
FN:11,bytesToUtf8
FN:12,utf8ToBytes
FN:15,bytesToBase64
FN:19,base64ToBytes
FN:23,bytesToAscii
FN:27,asciiToBytes
FN:31,bytesToLatin1
FN:35,latin1ToBytes
FN:39,bytesToUcs2
FN:43,ucs2ToBytes
FN:48,remove0x
FN:53,decodeHex
FN:55,isBytes
FN:63,abytes
FN:67,isString
FN:78,normalizeToUint8Array
FNF:19
FNH:18
FNDA:0,get
FNDA:11,bytesToHex
FNDA:25,hexToBytes
FNDA:2,bytesToUtf8
FNDA:3,utf8ToBytes
FNDA:3,bytesToBase64
FNDA:1,base64ToBytes
FNDA:3,bytesToAscii
FNDA:1,asciiToBytes
FNDA:3,bytesToLatin1
FNDA:1,latin1ToBytes
FNDA:4,bytesToUcs2
FNDA:2,ucs2ToBytes
FNDA:19,remove0x
FNDA:15,decodeHex
FNDA:40,isBytes
FNDA:21,abytes
FNDA:31,isString
FNDA:11,normalizeToUint8Array
DA:1,1
DA:2,1
DA:3,1
DA:4,1
DA:5,1
DA:6,1
DA:7,1
DA:8,1
DA:9,1
DA:10,1
DA:11,1
DA:12,1
DA:13,1
DA:14,1
DA:15,1
DA:16,3
DA:17,3
DA:18,3
DA:19,1
DA:20,1
DA:21,1
DA:22,1
DA:23,1
DA:24,3
DA:25,3
DA:26,3
DA:27,1
DA:28,1
DA:29,1
DA:30,1
DA:31,1
DA:32,3
DA:33,3
DA:34,3
DA:35,1
DA:36,1
DA:37,1
DA:38,1
DA:39,1
DA:40,4
DA:41,4
DA:42,4
DA:43,1
DA:44,2
DA:45,2
DA:46,2
DA:47,1
DA:48,1
DA:49,19
DA:50,19
DA:51,19
DA:52,19
DA:53,1
DA:54,1
DA:55,40
DA:56,40
DA:57,40
DA:58,40
DA:59,16
DA:60,40
DA:61,40
DA:62,1
DA:63,21
DA:64,21
DA:65,21
DA:66,21
DA:67,31
DA:68,31
DA:69,31
DA:70,31
DA:71,1
DA:72,1
DA:73,1
DA:74,1
DA:75,1
DA:76,1
DA:77,1
DA:78,11
DA:79,11
DA:80,5
DA:81,5
DA:82,6
DA:83,6
DA:84,1
DA:85,1
DA:86,1
DA:87,1
DA:88,1
DA:89,1
DA:90,1
DA:91,1
DA:92,1
DA:93,1
DA:94,1
DA:95,1
DA:96,1
DA:97,1
DA:98,1
DA:99,1
DA:100,1
DA:101,1
DA:102,1
DA:103,1
DA:104,1
DA:105,1
DA:106,1
LF:106
LH:106
BRDA:9,0,0,11
BRDA:10,1,0,25
BRDA:11,2,0,2
BRDA:12,3,0,3
BRDA:15,4,0,3
BRDA:19,5,0,1
BRDA:23,6,0,3
BRDA:27,7,0,1
BRDA:31,8,0,3
BRDA:35,9,0,1
BRDA:39,10,0,4
BRDA:43,11,0,2
BRDA:48,12,0,19
BRDA:51,13,0,17
BRDA:51,14,0,4
BRDA:51,15,0,15
BRDA:53,16,0,15
BRDA:55,17,0,40
BRDA:57,18,0,16
BRDA:58,19,0,16
BRDA:59,20,0,11
BRDA:59,21,0,2
BRDA:63,22,0,21
BRDA:65,23,0,6
BRDA:67,24,0,31
BRDA:69,25,0,6
BRDA:78,26,0,11
BRDA:79,27,0,8
BRDA:79,28,0,5
BRDA:82,29,0,6
BRF:30
BRH:30
end_of_record
TN:
SF:src/utils/color.ts
FN:82,getColor
FN:109,bold
FN:135,Colorizer
FN:146,applyStyles
FN:161,bold
FN:172,apply
FN:183,get
FNF:7
FNH:0
FNDA:0,getColor
FNDA:0,bold
FNDA:0,Colorizer
FNDA:0,applyStyles
FNDA:0,bold
FNDA:0,apply
FNDA:0,get
DA:1,1
DA:2,1
DA:3,1
DA:4,1
DA:5,1
DA:6,1
DA:7,1
DA:8,1
DA:9,1
DA:10,1
DA:11,1
DA:12,1
DA:13,1
DA:14,1
DA:15,1
DA:16,1
DA:17,1
DA:18,1
DA:19,1
DA:20,1
DA:21,1
DA:22,1
DA:23,1
DA:24,1
DA:25,1
DA:26,1
DA:27,1
DA:28,1
DA:29,1
DA:30,1
DA:31,1
DA:32,1
DA:33,1
DA:34,1
DA:35,1
DA:36,1
DA:37,1
DA:38,1
DA:39,1
DA:40,1
DA:41,1
DA:42,1
DA:43,1
DA:44,1
DA:45,1
DA:46,1
DA:47,1
DA:48,1
DA:49,1
DA:50,1
DA:51,1
DA:52,1
DA:53,1
DA:54,1
DA:55,1
DA:56,1
DA:57,1
DA:58,1
DA:59,1
DA:60,1
DA:61,1
DA:62,1
DA:63,1
DA:64,1
DA:65,1
DA:66,1
DA:67,1
DA:68,1
DA:69,1
DA:70,1
DA:71,1
DA:72,1
DA:73,1
DA:74,1
DA:75,1
DA:76,1
DA:77,1
DA:78,1
DA:79,1
DA:80,1
DA:81,1
DA:82,1
DA:83,0
DA:84,0
DA:85,0
DA:86,0
DA:87,0
DA:88,0
DA:89,0
DA:90,0
DA:91,0
DA:92,0
DA:93,0
DA:94,0
DA:95,0
DA:96,0
DA:97,0
DA:98,0
DA:99,0
DA:100,0
DA:101,1
DA:102,1
DA:103,1
DA:104,1
DA:105,1
DA:106,1
DA:107,1
DA:108,1
DA:109,1
DA:110,1
DA:111,1
DA:112,1
DA:113,1
DA:114,1
DA:115,1
DA:116,1
DA:117,1
DA:118,1
DA:119,1
DA:120,1
DA:121,1
DA:122,1
DA:123,1
DA:124,1
DA:125,1
DA:126,1
DA:127,1
DA:128,1
DA:129,1
DA:130,1
DA:131,1
DA:132,1
DA:133,1
DA:134,1
DA:135,1
DA:136,0
DA:137,0
DA:138,1
DA:139,1
DA:140,1
DA:141,1
DA:142,1
DA:143,1
DA:144,1
DA:145,1
DA:146,1
DA:147,0
DA:148,0
DA:149,0
DA:150,0
DA:151,0
DA:152,0
DA:153,0
DA:154,0
DA:155,1
DA:156,1
DA:157,1
DA:158,1
DA:159,1
DA:160,1
DA:161,1
DA:162,0
DA:163,0
DA:164,0
DA:165,1
DA:166,1
DA:167,1
DA:168,1
DA:169,1
DA:170,1
DA:171,1
DA:172,1
DA:173,0
DA:174,0
DA:175,1
DA:176,1
DA:177,1
DA:178,1
DA:179,1
DA:180,1
DA:181,1
DA:182,1
DA:183,1
DA:184,0
DA:185,0
DA:186,0
DA:187,0
DA:188,0
DA:189,0
DA:190,0
DA:191,0
DA:192,0
DA:193,0
DA:194,0
DA:195,0
DA:196,1
DA:197,1
DA:198,1
DA:199,1
DA:200,1
DA:201,1
DA:202,1
DA:203,1
DA:204,1
DA:205,1
DA:206,1
DA:207,1
DA:208,1
DA:209,1
DA:210,1
DA:211,1
LF:211
LH:166
BRF:0
BRH:0
end_of_record
TN:
SF:src/utils/colorDepth.ts
FN:17,getColorDepth
FNF:1
FNH:0
FNDA:0,getColorDepth
DA:1,1
DA:2,1
DA:3,1
DA:4,1
DA:5,1
DA:6,1
DA:7,1
DA:8,1
DA:9,1
DA:10,1
DA:11,1
DA:12,1
DA:13,1
DA:14,1
DA:15,1
DA:16,1
DA:17,0
DA:18,0
DA:19,0
DA:20,0
DA:21,0
DA:22,0
DA:23,0
DA:24,0
DA:25,0
DA:26,0
DA:27,0
DA:28,0
DA:29,0
DA:30,0
DA:31,0
LF:31
LH:16
BRF:0
BRH:0
end_of_record
TN:
SF:src/utils/compression.ts
FN:76,compressData
FN:135,decompressData
FN:159,calculateChunkSize
FNF:3
FNH:0
FNDA:0,compressData
FNDA:0,decompressData
FNDA:0,calculateChunkSize
DA:1,1
DA:2,1
DA:3,1
DA:4,1
DA:5,1
DA:6,1
DA:7,1
DA:8,1
DA:9,1
DA:10,1
DA:11,1
DA:12,1
DA:13,1
DA:14,1
DA:15,1
DA:16,1
DA:17,1
DA:18,1
DA:19,1
DA:20,1
DA:21,1
DA:22,1
DA:23,1
DA:24,1
DA:25,1
DA:26,1
DA:27,1
DA:28,1
DA:29,1
DA:30,1
DA:31,1
DA:32,1
DA:33,1
DA:34,1
DA:35,1
DA:36,1
DA:37,1
DA:38,1
DA:39,1
DA:40,1
DA:41,1
DA:42,1
DA:43,1
DA:44,1
DA:45,1
DA:46,1
DA:47,1
DA:48,1
DA:49,1
DA:50,1
DA:51,1
DA:52,1
DA:53,1
DA:54,1
DA:55,1
DA:56,1
DA:57,1
DA:58,1
DA:59,1
DA:60,1
DA:61,1
DA:62,1
DA:63,1
DA:64,1
DA:65,1
DA:66,1
DA:67,1
DA:68,1
DA:69,1
DA:70,1
DA:71,1
DA:72,1
DA:73,1
DA:74,1
DA:75,1
DA:76,0
DA:77,0
DA:78,0
DA:79,0
DA:80,0
DA:81,0
DA:82,0
DA:83,0
DA:84,0
DA:85,0
DA:86,0
DA:87,0
DA:88,0
DA:89,0
DA:90,0
DA:91,0
DA:92,0
DA:93,0
DA:94,0
DA:95,0
DA:96,0
DA:97,0
DA:98,0
DA:99,0
DA:100,0
DA:101,0
DA:102,0
DA:103,0
DA:104,0
DA:105,0
DA:106,0
DA:107,0
DA:108,0
DA:109,0
DA:110,0
DA:111,0
DA:112,0
DA:113,0
DA:114,0
DA:115,0
DA:116,0
DA:117,0
DA:118,0
DA:119,0
DA:120,0
DA:121,0
DA:122,0
DA:123,0
DA:124,0
DA:125,0
DA:126,0
DA:127,1
DA:128,1
DA:129,1
DA:130,1
DA:131,1
DA:132,1
DA:133,1
DA:134,1
DA:135,0
DA:136,0
DA:137,0
DA:138,0
DA:139,0
DA:140,0
DA:141,0
DA:142,0
DA:143,0
DA:144,0
DA:145,0
DA:146,0
DA:147,0
DA:148,0
DA:149,0
DA:150,1
DA:151,1
DA:152,1
DA:153,1
DA:154,1
DA:155,1
DA:156,1
DA:157,1
DA:158,1
DA:159,0
DA:160,0
DA:161,0
DA:162,0
DA:163,0
DA:164,0
DA:165,0
DA:166,0
DA:167,0
DA:168,0
DA:169,0
DA:170,0
DA:171,0
DA:172,1
DA:173,1
DA:174,1
LF:174
LH:95
BRF:0
BRH:0
end_of_record
TN:
SF:src/utils/elliptic.ts
FN:5,combineKeys
FN:8,getSharedKey
FN:15,hexToPublicKey
FNF:3
FNH:3
FNDA:15,combineKeys
FNDA:14,getSharedKey
FNDA:14,hexToPublicKey
DA:1,1
DA:2,1
DA:3,1
DA:4,1
DA:5,15
DA:6,15
DA:7,15
DA:8,14
DA:9,14
DA:10,14
DA:11,14
DA:12,14
DA:13,14
DA:14,1
DA:15,14
DA:16,14
DA:17,14
DA:18,14
DA:19,1
DA:20,1
DA:21,1
DA:22,1
DA:23,1
DA:24,1
DA:25,12
DA:26,12
LF:26
LH:26
BRDA:5,0,0,15
BRDA:8,1,0,14
BRDA:15,2,0,14
BRDA:18,3,0,1
BRDA:25,4,0,12
BRF:5
BRH:5
end_of_record
TN:
SF:src/utils/handlersFiles.ts
FN:33,errorDirectory
FN:41,UUID
FN:51,resolvePath
FN:67,setCacheDirectory
FN:82,ensureDirectoryExists
FN:98,removeCacheFile
FN:119,listCacheFiles
FN:137,writeFileBit
FN:157,readFileBit
FN:170,findFilesByPrefix
FN:190,preloadAllCacheFiles
FN:201,analyzeFiles
FN:227,processMultipleFiles
FN:252,processSingleFile
FN:272,extractFileInfo
FNF:15
FNH:6
FNDA:0,errorDirectory
FNDA:0,UUID
FNDA:5,resolvePath
FNDA:5,setCacheDirectory
FNDA:5,ensureDirectoryExists
FNDA:0,removeCacheFile
FNDA:5,listCacheFiles
FNDA:0,writeFileBit
FNDA:0,readFileBit
FNDA:0,findFilesByPrefix
FNDA:0,preloadAllCacheFiles
FNDA:5,analyzeFiles
FNDA:5,processMultipleFiles
FNDA:0,processSingleFile
FNDA:0,extractFileInfo
DA:1,1
DA:2,1
DA:3,1
DA:4,1
DA:5,1
DA:6,1
DA:7,1
DA:8,1
DA:9,1
DA:10,1
DA:11,1
DA:12,1
DA:13,1
DA:14,1
DA:15,1
DA:16,1
DA:17,1
DA:18,1
DA:19,1
DA:20,1
DA:21,1
DA:22,1
DA:23,1
DA:24,1
DA:25,1
DA:26,1
DA:27,1
DA:28,1
DA:29,1
DA:30,1
DA:31,1
DA:32,1
DA:33,1
DA:34,0
DA:35,1
DA:36,1
DA:37,1
DA:38,1
DA:39,1
DA:40,1
DA:41,1
DA:42,0
DA:43,1
DA:44,1
DA:45,1
DA:46,1
DA:47,1
DA:48,1
DA:49,1
DA:50,1
DA:51,5
DA:52,5
DA:53,5
DA:54,5
DA:55,5
DA:56,0
DA:57,0
DA:58,5
DA:59,5
DA:60,5
DA:61,1
DA:62,1
DA:63,1
DA:64,1
DA:65,1
DA:66,1
DA:67,5
DA:68,5
DA:69,5
DA:70,5
DA:71,5
DA:72,5
DA:73,5
DA:74,5
DA:75,5
DA:76,1
DA:77,1
DA:78,1
DA:79,1
DA:80,1
DA:81,1
DA:82,5
DA:83,5
DA:84,5
DA:85,5
DA:86,1
DA:87,1
DA:88,5
DA:89,5
DA:90,5
DA:91,1
DA:92,1
DA:93,1
DA:94,1
DA:95,1
DA:96,1
DA:97,1
DA:98,0
DA:99,0
DA:100,0
DA:101,0
DA:102,0
DA:103,0
DA:104,0
DA:105,0
DA:106,0
DA:107,0
DA:108,0
DA:109,0
DA:110,0
DA:111,0
DA:112,1
DA:113,1
DA:114,1
DA:115,1
DA:116,1
DA:117,1
DA:118,1
DA:119,5
DA:120,5
DA:121,5
DA:122,5
DA:123,0
DA:124,0
DA:125,0
DA:126,5
DA:127,1
DA:128,1
DA:129,1
DA:130,1
DA:131,1
DA:132,1
DA:133,1
DA:134,1
DA:135,1
DA:136,1
DA:137,0
DA:138,0
DA:139,0
DA:140,0
DA:141,0
DA:142,0
DA:143,0
DA:144,0
DA:145,0
DA:146,0
DA:147,0
DA:148,0
DA:149,1
DA:150,1
DA:151,1
DA:152,1
DA:153,1
DA:154,1
DA:155,1
DA:156,1
DA:157,0
DA:158,0
DA:159,0
DA:160,0
DA:161,0
DA:162,1
DA:163,1
DA:164,1
DA:165,1
DA:166,1
DA:167,1
DA:168,1
DA:169,1
DA:170,0
DA:171,0
DA:172,0
DA:173,0
DA:174,0
DA:175,0
DA:176,0
DA:177,0
DA:178,0
DA:179,0
DA:180,0
DA:181,0
DA:182,0
DA:183,1
DA:184,1
DA:185,1
DA:186,1
DA:187,1
DA:188,1
DA:189,1
DA:190,0
DA:191,0
DA:192,0
DA:193,1
DA:194,1
DA:195,1
DA:196,1
DA:197,1
DA:198,1
DA:199,1
DA:200,1
DA:201,5
DA:202,5
DA:203,5
DA:204,5
DA:205,5
DA:206,5
DA:207,5
DA:208,5
DA:209,5
DA:210,5
DA:211,5
DA:212,0
DA:213,0
DA:214,0
DA:215,0
DA:216,5
DA:217,5
DA:218,5
DA:219,1
DA:220,1
DA:221,1
DA:222,1
DA:223,1
DA:224,1
DA:225,1
DA:226,1
DA:227,5
DA:228,5
DA:229,5
DA:230,5
DA:231,5
DA:232,5
DA:233,0
DA:234,0
DA:235,0
DA:236,0
DA:237,0
DA:238,0
DA:239,0
DA:240,0
DA:241,0
DA:242,0
DA:243,5
DA:244,1
DA:245,1
DA:246,1
DA:247,1
DA:248,1
DA:249,1
DA:250,1
DA:251,1
DA:252,0
DA:253,0
DA:254,0
DA:255,0
DA:256,0
DA:257,0
DA:258,0
DA:259,0
DA:260,0
DA:261,0
DA:262,0
DA:263,0
DA:264,0
DA:265,1
DA:266,1
DA:267,1
DA:268,1
DA:269,1
DA:270,1
DA:271,1
DA:272,0
DA:273,0
DA:274,0
DA:275,0
DA:276,0
DA:277,0
DA:278,0
DA:279,0
LF:279
LH:190
BRDA:51,0,0,5
BRDA:55,1,0,0
BRDA:67,2,0,5
BRDA:68,3,0,0
BRDA:82,4,0,5
BRDA:85,5,0,1
BRDA:119,6,0,5
BRDA:122,7,0,0
BRDA:201,8,0,5
BRDA:206,9,0,0
BRDA:211,10,0,0
BRDA:227,11,0,5
BRDA:232,12,0,0
BRF:13
BRH:7
end_of_record
TN:
SF:src/utils/index.ts
FNF:0
FNH:0
DA:1,1
DA:2,1
DA:3,1
LF:3
LH:3
BRF:0
BRH:0
end_of_record
TN:
SF:src/utils/noble.ts
FN:2,get
FN:3,get
FN:4,get
FN:5,get
FN:6,get
FN:7,get
FN:9,get
FN:10,get
FN:11,get
FN:12,get
FN:13,get
FNF:11
FNH:11
FNDA:39,get
FNDA:22,get
FNDA:25,get
FNDA:2,get
FNDA:3,get
FNDA:9,get
FNDA:13,get
FNDA:41,get
FNDA:15,get
FNDA:19,get
FNDA:82,get
DA:1,1
DA:2,1
DA:3,1
DA:4,1
DA:5,1
DA:6,1
DA:7,1
DA:8,1
DA:9,1
DA:10,1
DA:11,1
DA:12,1
DA:13,1
LF:13
LH:13
BRDA:2,0,0,39
BRDA:3,1,0,22
BRDA:4,2,0,25
BRDA:5,3,0,2
BRDA:6,4,0,3
BRDA:7,5,0,9
BRDA:9,6,0,13
BRDA:10,7,0,41
BRDA:11,8,0,15
BRDA:12,9,0,19
BRDA:13,10,0,82
BRF:11
BRH:11
end_of_record
